#
# There is insufficient memory for the Java Runtime Environment to continue.
# Native memory allocation (mmap) failed to map 189792256 bytes for committing reserved memory.
# Possible reasons:
#   The system is out of physical RAM or swap space
#   In 32 bit mode, the process size limit was hit
# Possible solutions:
#   Reduce memory load on the system
#   Increase physical memory or swap space
#   Check if swap backing store is full
#   Use 64 bit Java on a 64 bit OS
#   Decrease Java heap size (-Xmx/-Xms)
#   Decrease number of Java threads
#   Decrease Java thread stack sizes (-Xss)
#   Set larger code cache with -XX:ReservedCodeCacheSize=
# This output file may be truncated or incomplete.
#
#  Out of Memory Error (os_linux.cpp:2627), pid=18139, tid=0x00007fdb78edd700
#
# JRE version: Java(TM) SE Runtime Environment (8.0_121-b13) (build 1.8.0_121-b13)
# Java VM: Java HotSpot(TM) 64-Bit Server VM (25.121-b13 mixed mode linux-amd64 compressed oops)
# Failed to write core dump. Core dumps have been disabled. To enable core dumping, try "ulimit -c unlimited" before starting Java again
#

---------------  T H R E A D  ---------------

Current thread (0x00007fdb8c082800):  VMThread [stack: 0x00007fdb78ddd000,0x00007fdb78ede000] [id=18152]

Stack: [0x00007fdb78ddd000,0x00007fdb78ede000],  sp=0x00007fdb78edbfa0,  free space=1019k
Native frames: (J=compiled Java code, j=interpreted, Vv=VM code, C=native code)
V  [libjvm.so+0xac703a]  VMError::report_and_die()+0x2ba
V  [libjvm.so+0x4fc7eb]  report_vm_out_of_memory(char const*, int, unsigned long, VMErrorType, char const*)+0x8b
V  [libjvm.so+0x923c43]  os::Linux::commit_memory_impl(char*, unsigned long, bool)+0x103
V  [libjvm.so+0x924199]  os::pd_commit_memory(char*, unsigned long, unsigned long, bool)+0x29
V  [libjvm.so+0x91e4aa]  os::commit_memory(char*, unsigned long, unsigned long, bool)+0x2a
V  [libjvm.so+0x992f03]  PSVirtualSpace::expand_by(unsigned long)+0x53
V  [libjvm.so+0x994308]  PSYoungGen::resize_generation(unsigned long, unsigned long)+0xf8
V  [libjvm.so+0x993462]  PSYoungGen::resize(unsigned long, unsigned long)+0x22
V  [libjvm.so+0x99073b]  PSScavenge::invoke_no_policy()+0xf3b
V  [libjvm.so+0x990ec1]  PSScavenge::invoke()+0x41
V  [libjvm.so+0x947c10]  ParallelScavengeHeap::failed_mem_allocate(unsigned long)+0x70
V  [libjvm.so+0xac8a57]  VM_ParallelGCFailedAllocation::doit()+0x97
V  [libjvm.so+0xad0535]  VM_Operation::evaluate()+0x55
V  [libjvm.so+0xace90a]  VMThread::evaluate_operation(VM_Operation*)+0xba
V  [libjvm.so+0xacec8e]  VMThread::loop()+0x1ce
V  [libjvm.so+0xacf100]  VMThread::run()+0x70
V  [libjvm.so+0x926268]  java_start(Thread*)+0x108

VM_Operation (0x00007fdb923f5fb0): ParallelGCFailedAllocation, mode: safepoint, requested by thread 0x00007fdb8c015000


---------------  P R O C E S S  ---------------

Java Threads: ( => current thread )
  0x00007fdb8df43800 JavaThread "spring.cloud.inetutils" daemon [_thread_blocked, id=18208, stack(0x00007fdb6a7e7000,0x00007fdb6a8e8000)]
  0x00007fdb8d05e000 JavaThread "Tomcat JDBC Pool Cleaner[414493378:1492467110592]" daemon [_thread_blocked, id=18200, stack(0x00007fdb686b7000,0x00007fdb687b8000)]
  0x00007fdb8d7f4000 JavaThread "container-0" [_thread_blocked, id=18199, stack(0x00007fdb68bb8000,0x00007fdb68cb9000)]
  0x00007fdb10068000 JavaThread "ContainerBackgroundProcessor[StandardEngine[Tomcat].StandardHost[localhost].StandardContext[]]" daemon [_thread_blocked, id=18198, stack(0x00007fdb68cb9000,0x00007fdb68dba000)]
  0x00007fdb1400d000 JavaThread "JMX server connection timeout 19" daemon [_thread_blocked, id=18178, stack(0x00007fdb6ace8000,0x00007fdb6ade9000)]
  0x00007fdb2c001800 JavaThread "RMI TCP Connection(2)-127.0.0.1" daemon [_thread_blocked, id=18177, stack(0x00007fdb6ae05000,0x00007fdb6af06000)]
  0x00007fdb1c00a800 JavaThread "RMI Scheduler(0)" daemon [_thread_blocked, id=18173, stack(0x00007fdb6b106000,0x00007fdb6b207000)]
  0x00007fdb30001800 JavaThread "RMI TCP Connection(idle)" daemon [_thread_blocked, id=18172, stack(0x00007fdb6b233000,0x00007fdb6b334000)]
  0x00007fdb8c9d8800 JavaThread "RMI TCP Accept-0" daemon [_thread_in_native, id=18170, stack(0x00007fdb6b435000,0x00007fdb6b536000)]
  0x00007fdb8c9a9800 JavaThread "RMI TCP Accept-35165" daemon [_thread_in_native, id=18169, stack(0x00007fdb6b540000,0x00007fdb6b641000)]
  0x00007fdb8c98d000 JavaThread "RMI TCP Accept-0" daemon [_thread_in_native, id=18168, stack(0x00007fdb6b641000,0x00007fdb6b742000)]
  0x00007fdb8c102000 JavaThread "Service Thread" daemon [_thread_blocked, id=18166, stack(0x00007fdb781cf000,0x00007fdb782d0000)]
  0x00007fdb8c0dc800 JavaThread "C1 CompilerThread2" daemon [_thread_blocked, id=18165, stack(0x00007fdb782d0000,0x00007fdb783d1000)]
  0x00007fdb8c0da800 JavaThread "C2 CompilerThread1" daemon [_thread_blocked, id=18164, stack(0x00007fdb783d1000,0x00007fdb784d2000)]
  0x00007fdb8c0d7800 JavaThread "C2 CompilerThread0" daemon [_thread_blocked, id=18163, stack(0x00007fdb784d2000,0x00007fdb785d3000)]
  0x00007fdb50001000 JavaThread "JDWP Command Reader" daemon [_thread_in_native, id=18159, stack(0x00007fdb785d3000,0x00007fdb786d4000)]
  0x00007fdb8c0d5800 JavaThread "JDWP Event Helper Thread" daemon [_thread_blocked, id=18158, stack(0x00007fdb786d4000,0x00007fdb787d5000)]
  0x00007fdb8c0d2000 JavaThread "JDWP Transport Listener: dt_socket" daemon [_thread_blocked, id=18157, stack(0x00007fdb787d5000,0x00007fdb788d6000)]
  0x00007fdb8c0c1000 JavaThread "Signal Dispatcher" daemon [_thread_blocked, id=18155, stack(0x00007fdb78ada000,0x00007fdb78bdb000)]
  0x00007fdb8c08f000 JavaThread "Finalizer" daemon [_thread_blocked, id=18154, stack(0x00007fdb78bdb000,0x00007fdb78cdc000)]
  0x00007fdb8c08a800 JavaThread "Reference Handler" daemon [_thread_blocked, id=18153, stack(0x00007fdb78cdc000,0x00007fdb78ddd000)]
  0x00007fdb8c015000 JavaThread "main" [_thread_blocked, id=18145, stack(0x00007fdb922f8000,0x00007fdb923f9000)]

Other Threads:
=>0x00007fdb8c082800 VMThread [stack: 0x00007fdb78ddd000,0x00007fdb78ede000] [id=18152]
  0x00007fdb8c9db800 WatcherThread [stack: 0x00007fdb6b334000,0x00007fdb6b435000] [id=18171]

VM state:at safepoint (normal execution)

VM Mutex/Monitor currently owned by a thread:  ([mutex/lock_event])
[0x00007fdb8c0111b0] Threads_lock - owner thread: 0x00007fdb8c082800
[0x00007fdb8c0116b0] Heap_lock - owner thread: 0x00007fdb8c015000

Heap:
 PSYoungGen      total 435200K, used 16976K [0x00000000d8000000, 0x00000000f3f00000, 0x0000000100000000)
  eden space 416768K, 0% used [0x00000000d8000000,0x00000000d8000000,0x00000000f1700000)
  from space 18432K, 92% used [0x00000000f1b00000,0x00000000f2b94078,0x00000000f2d00000)
  to   space 15360K, 0% used [0x00000000f3000000,0x00000000f3000000,0x00000000f3f00000)
 ParOldGen       total 72704K, used 31082K [0x0000000088000000, 0x000000008c700000, 0x00000000d8000000)
  object space 72704K, 42% used [0x0000000088000000,0x0000000089e5a850,0x000000008c700000)
 Metaspace       used 53607K, capacity 54296K, committed 54528K, reserved 1097728K
  class space    used 6644K, capacity 6795K, committed 6912K, reserved 1048576K

Card table byte_map: [0x00007fdb7b26d000,0x00007fdb7b62e000] byte_map_base: 0x00007fdb7ae2d000

Marking Bits: (ParMarkBitMap*) 0x00007fdb917cac80
 Begin Bits: [0x00007fdb70400000, 0x00007fdb72200000)
 End Bits:   [0x00007fdb72200000, 0x00007fdb74000000)

Polling page: 0x00007fdb92416000

CodeCache: size=245760Kb used=22014Kb max_used=22690Kb free=223745Kb
 bounds [0x00007fdb7b9ee000, 0x00007fdb7d06e000, 0x00007fdb8a9ee000]
 total_blobs=5728 nmethods=4993 adapters=656
 compilation: enabled

Compilation events (10 events):
Event: 42.430 Thread 0x00007fdb8c0dc800 5879       3       java.util.TreeMap$Values::iterator (19 bytes)
Event: 42.431 Thread 0x00007fdb8c0dc800 nmethod 5879 0x00007fdb7be27750 code [0x00007fdb7be278e0, 0x00007fdb7be27df0]
Event: 42.444 Thread 0x00007fdb8c0dc800 5881       3       java.util.TreeMap::values (25 bytes)
Event: 42.444 Thread 0x00007fdb8c0dc800 nmethod 5881 0x00007fdb7bcd5c90 code [0x00007fdb7bcd5e00, 0x00007fdb7bcd6130]
Event: 42.453 Thread 0x00007fdb8c0dc800 5882       3       sun.reflect.UnsafeObjectFieldAccessorImpl::set (56 bytes)
Event: 42.455 Thread 0x00007fdb8c0dc800 nmethod 5882 0x00007fdb7bb9dd90 code [0x00007fdb7bb9e060, 0x00007fdb7bb9f988]
Event: 42.456 Thread 0x00007fdb8c0d7800 nmethod 5862 0x00007fdb7c5ff690 code [0x00007fdb7c5ff940, 0x00007fdb7c601b00]
Event: 42.456 Thread 0x00007fdb8c0d7800 5884 % !   4       java.util.concurrent.ConcurrentHashMap::transfer @ 376 (832 bytes)
Event: 42.581 Thread 0x00007fdb8c0d7800 nmethod 5884% 0x00007fdb7bc209d0 code [0x00007fdb7bc20be0, 0x00007fdb7bc224a0]
Event: 42.581 Thread 0x00007fdb8c0d7800 5877       4       java.beans.MethodDescriptor::<init> (48 bytes)

GC Heap History (10 events):
Event: 14.337 GC heap after
Heap after GC invocations=10 (full 1):
 PSYoungGen      total 207360K, used 10232K [0x00000000d8000000, 0x00000000eb380000, 0x0000000100000000)
  eden space 197120K, 0% used [0x00000000d8000000,0x00000000d8000000,0x00000000e4080000)
  from space 10240K, 99% used [0x00000000e4080000,0x00000000e4a7e2e8,0x00000000e4a80000)
  to   space 14336K, 0% used [0x00000000ea580000,0x00000000ea580000,0x00000000eb380000)
 ParOldGen       total 51200K, used 17179K [0x0000000088000000, 0x000000008b200000, 0x00000000d8000000)
  object space 51200K, 33% used [0x0000000088000000,0x00000000890c6d20,0x000000008b200000)
 Metaspace       used 30723K, capacity 31142K, committed 31360K, reserved 1077248K
  class space    used 3813K, capacity 3910K, committed 3968K, reserved 1048576K
}
Event: 17.959 GC heap before
{Heap before GC invocations=11 (full 1):
 PSYoungGen      total 207360K, used 207352K [0x00000000d8000000, 0x00000000eb380000, 0x0000000100000000)
  eden space 197120K, 100% used [0x00000000d8000000,0x00000000e4080000,0x00000000e4080000)
  from space 10240K, 99% used [0x00000000e4080000,0x00000000e4a7e2e8,0x00000000e4a80000)
  to   space 14336K, 0% used [0x00000000ea580000,0x00000000ea580000,0x00000000eb380000)
 ParOldGen       total 51200K, used 17179K [0x0000000088000000, 0x000000008b200000, 0x00000000d8000000)
  object space 51200K, 33% used [0x0000000088000000,0x00000000890c6d20,0x000000008b200000)
 Metaspace       used 34823K, capacity 35234K, committed 35456K, reserved 1081344K
  class space    used 4270K, capacity 4368K, committed 4480K, reserved 1048576K
Event: 18.044 GC heap after
Heap after GC invocations=11 (full 1):
 PSYoungGen      total 298496K, used 10325K [0x00000000d8000000, 0x00000000eb300000, 0x0000000100000000)
  eden space 284672K, 0% used [0x00000000d8000000,0x00000000d8000000,0x00000000e9600000)
  from space 13824K, 74% used [0x00000000ea580000,0x00000000eaf95450,0x00000000eb300000)
  to   space 14848K, 0% used [0x00000000e9600000,0x00000000e9600000,0x00000000ea480000)
 ParOldGen       total 51200K, used 21344K [0x0000000088000000, 0x000000008b200000, 0x00000000d8000000)
  object space 51200K, 41% used [0x0000000088000000,0x00000000894d8388,0x000000008b200000)
 Metaspace       used 34823K, capacity 35234K, committed 35456K, reserved 1081344K
  class space    used 4270K, capacity 4368K, committed 4480K, reserved 1048576K
}
Event: 18.444 GC heap before
{Heap before GC invocations=12 (full 1):
 PSYoungGen      total 298496K, used 17438K [0x00000000d8000000, 0x00000000eb300000, 0x0000000100000000)
  eden space 284672K, 2% used [0x00000000d8000000,0x00000000d86f2730,0x00000000e9600000)
  from space 13824K, 74% used [0x00000000ea580000,0x00000000eaf95450,0x00000000eb300000)
  to   space 14848K, 0% used [0x00000000e9600000,0x00000000e9600000,0x00000000ea480000)
 ParOldGen       total 51200K, used 21344K [0x0000000088000000, 0x000000008b200000, 0x00000000d8000000)
  object space 51200K, 41% used [0x0000000088000000,0x00000000894d8388,0x000000008b200000)
 Metaspace       used 34845K, capacity 35234K, committed 35456K, reserved 1081344K
  class space    used 4272K, capacity 4368K, committed 4480K, reserved 1048576K
Event: 18.505 GC heap after
Heap after GC invocations=12 (full 1):
 PSYoungGen      total 299520K, used 128K [0x00000000d8000000, 0x00000000f3f00000, 0x0000000100000000)
  eden space 284672K, 0% used [0x00000000d8000000,0x00000000d8000000,0x00000000e9600000)
  from space 14848K, 0% used [0x00000000e9600000,0x00000000e9620000,0x00000000ea480000)
  to   space 15360K, 0% used [0x00000000f3000000,0x00000000f3000000,0x00000000f3f00000)
 ParOldGen       total 51200K, used 28717K [0x0000000088000000, 0x000000008b200000, 0x00000000d8000000)
  object space 51200K, 56% used [0x0000000088000000,0x0000000089c0b5c8,0x000000008b200000)
 Metaspace       used 34845K, capacity 35234K, committed 35456K, reserved 1081344K
  class space    used 4272K, capacity 4368K, committed 4480K, reserved 1048576K
}
Event: 18.505 GC heap before
{Heap before GC invocations=13 (full 2):
 PSYoungGen      total 299520K, used 128K [0x00000000d8000000, 0x00000000f3f00000, 0x0000000100000000)
  eden space 284672K, 0% used [0x00000000d8000000,0x00000000d8000000,0x00000000e9600000)
  from space 14848K, 0% used [0x00000000e9600000,0x00000000e9620000,0x00000000ea480000)
  to   space 15360K, 0% used [0x00000000f3000000,0x00000000f3000000,0x00000000f3f00000)
 ParOldGen       total 51200K, used 28717K [0x0000000088000000, 0x000000008b200000, 0x00000000d8000000)
  object space 51200K, 56% used [0x0000000088000000,0x0000000089c0b5c8,0x000000008b200000)
 Metaspace       used 34845K, capacity 35234K, committed 35456K, reserved 1081344K
  class space    used 4272K, capacity 4368K, committed 4480K, reserved 1048576K
Event: 18.673 GC heap after
Heap after GC invocations=13 (full 2):
 PSYoungGen      total 299520K, used 0K [0x00000000d8000000, 0x00000000f3f00000, 0x0000000100000000)
  eden space 284672K, 0% used [0x00000000d8000000,0x00000000d8000000,0x00000000e9600000)
  from space 14848K, 0% used [0x00000000e9600000,0x00000000e9600000,0x00000000ea480000)
  to   space 15360K, 0% used [0x00000000f3000000,0x00000000f3000000,0x00000000f3f00000)
 ParOldGen       total 72704K, used 21060K [0x0000000088000000, 0x000000008c700000, 0x00000000d8000000)
  object space 72704K, 28% used [0x0000000088000000,0x0000000089491250,0x000000008c700000)
 Metaspace       used 34845K, capacity 35234K, committed 35456K, reserved 1081344K
  class space    used 4272K, capacity 4368K, committed 4480K, reserved 1048576K
}
Event: 34.187 GC heap before
{Heap before GC invocations=14 (full 2):
 PSYoungGen      total 299520K, used 284672K [0x00000000d8000000, 0x00000000f3f00000, 0x0000000100000000)
  eden space 284672K, 100% used [0x00000000d8000000,0x00000000e9600000,0x00000000e9600000)
  from space 14848K, 0% used [0x00000000e9600000,0x00000000e9600000,0x00000000ea480000)
  to   space 15360K, 0% used [0x00000000f3000000,0x00000000f3000000,0x00000000f3f00000)
 ParOldGen       total 72704K, used 21060K [0x0000000088000000, 0x000000008c700000, 0x00000000d8000000)
  object space 72704K, 28% used [0x0000000088000000,0x0000000089491250,0x000000008c700000)
 Metaspace       used 47835K, capacity 48390K, committed 48640K, reserved 1091584K
  class space    used 5988K, capacity 6115K, committed 6144K, reserved 1048576K
Event: 34.275 GC heap after
Heap after GC invocations=14 (full 2):
 PSYoungGen      total 432128K, used 15356K [0x00000000d8000000, 0x00000000f3f00000, 0x0000000100000000)
  eden space 416768K, 0% used [0x00000000d8000000,0x00000000d8000000,0x00000000f1700000)
  from space 15360K, 99% used [0x00000000f3000000,0x00000000f3eff030,0x00000000f3f00000)
  to   space 18432K, 0% used [0x00000000f1b00000,0x00000000f1b00000,0x00000000f2d00000)
 ParOldGen       total 72704K, used 23532K [0x0000000088000000, 0x000000008c700000, 0x00000000d8000000)
  object space 72704K, 32% used [0x0000000088000000,0x00000000896fb088,0x000000008c700000)
 Metaspace       used 47835K, capacity 48390K, committed 48640K, reserved 1091584K
  class space    used 5988K, capacity 6115K, committed 6144K, reserved 1048576K
}
Event: 42.672 GC heap before
{Heap before GC invocations=15 (full 2):
 PSYoungGen      total 432128K, used 432124K [0x00000000d8000000, 0x00000000f3f00000, 0x0000000100000000)
  eden space 416768K, 100% used [0x00000000d8000000,0x00000000f1700000,0x00000000f1700000)
  from space 15360K, 99% used [0x00000000f3000000,0x00000000f3eff030,0x00000000f3f00000)
  to   space 18432K, 0% used [0x00000000f1b00000,0x00000000f1b00000,0x00000000f2d00000)
 ParOldGen       total 72704K, used 23532K [0x0000000088000000, 0x000000008c700000, 0x00000000d8000000)
  object space 72704K, 32% used [0x0000000088000000,0x00000000896fb088,0x000000008c700000)
 Metaspace       used 53607K, capacity 54296K, committed 54528K, reserved 1097728K
  class space    used 6644K, capacity 6795K, committed 6912K, reserved 1048576K

Deoptimization events (10 events):
Event: 42.452 Thread 0x00007fdb8c015000 Uncommon trap: reason=unhandled action=none pc=0x00007fdb7bc20610 method=java.net.URLClassLoader.findClass(Ljava/lang/String;)Ljava/lang/Class; @ 44
Event: 42.453 Thread 0x00007fdb8c015000 Uncommon trap: reason=unhandled action=none pc=0x00007fdb7bc20610 method=java.net.URLClassLoader.findClass(Ljava/lang/String;)Ljava/lang/Class; @ 44
Event: 42.453 Thread 0x00007fdb8c015000 Uncommon trap: reason=unhandled action=none pc=0x00007fdb7bc20610 method=java.net.URLClassLoader.findClass(Ljava/lang/String;)Ljava/lang/Class; @ 44
Event: 42.453 Thread 0x00007fdb8c015000 Uncommon trap: reason=unhandled action=none pc=0x00007fdb7bc20610 method=java.net.URLClassLoader.findClass(Ljava/lang/String;)Ljava/lang/Class; @ 44
Event: 42.453 Thread 0x00007fdb8c015000 Uncommon trap: reason=unhandled action=none pc=0x00007fdb7ce32f34 method=java.lang.Class.getMethod(Ljava/lang/String;[Ljava/lang/Class;)Ljava/lang/reflect/Method; @ 61
Event: 42.453 Thread 0x00007fdb8c015000 Uncommon trap: reason=unhandled action=none pc=0x00007fdb7cc7c92c method=java.lang.Class.getMethod(Ljava/lang/String;[Ljava/lang/Class;)Ljava/lang/reflect/Method; @ 61
Event: 42.454 Thread 0x00007fdb8c015000 Uncommon trap: reason=unhandled action=none pc=0x00007fdb7cc7c92c method=java.lang.Class.getMethod(Ljava/lang/String;[Ljava/lang/Class;)Ljava/lang/reflect/Method; @ 61
Event: 42.454 Thread 0x00007fdb8c015000 Uncommon trap: reason=unhandled action=none pc=0x00007fdb7cc7c92c method=java.lang.Class.getMethod(Ljava/lang/String;[Ljava/lang/Class;)Ljava/lang/reflect/Method; @ 61
Event: 42.454 Thread 0x00007fdb8c015000 Uncommon trap: reason=unhandled action=none pc=0x00007fdb7cc7c92c method=java.lang.Class.getMethod(Ljava/lang/String;[Ljava/lang/Class;)Ljava/lang/reflect/Method; @ 61
Event: 42.454 Thread 0x00007fdb8c015000 Uncommon trap: reason=unhandled action=none pc=0x00007fdb7cc7c92c method=java.lang.Class.getMethod(Ljava/lang/String;[Ljava/lang/Class;)Ljava/lang/reflect/Method; @ 61

Internal exceptions (10 events):
Event: 42.440 Thread 0x00007fdb8c015000 Exception <a 'java/lang/ClassNotFoundException': org/thymeleaf/resourceresolver/IResourceResolverCustomizer> (0x00000000f1493e90) thrown at [/HUDSON3/workspace/8-2-build-linux-amd64/jdk8u121/8372/hotspot/src/share/vm/classfile/systemDictionary.cpp, line 2
Event: 42.441 Thread 0x00007fdb8c015000 Exception <a 'java/lang/ClassNotFoundException': org/springframework/context/ApplicationContextAwareCustomizer> (0x00000000f14c2908) thrown at [/HUDSON3/workspace/8-2-build-linux-amd64/jdk8u121/8372/hotspot/src/share/vm/classfile/systemDictionary.cpp, lin
Event: 42.442 Thread 0x00007fdb8c015000 Exception <a 'java/lang/ClassNotFoundException': java/lang/ObjectCustomizer> (0x00000000f14d85c8) thrown at [/HUDSON3/workspace/8-2-build-linux-amd64/jdk8u121/8372/hotspot/src/share/vm/classfile/systemDictionary.cpp, line 210]
Event: 42.443 Thread 0x00007fdb8c015000 Exception <a 'java/lang/ClassNotFoundException': org/springframework/boot/autoconfigure/thymeleaf/ThymeleafAutoConfiguration$Thymeleaf2ConfigurationCustomizer> (0x00000000f1522e40) thrown at [/HUDSON3/workspace/8-2-build-linux-amd64/jdk8u121/8372/hotspot/
Event: 42.445 Thread 0x00007fdb8c015000 Exception <a 'java/lang/ClassNotFoundException': org/springframework/boot/autoconfigure/thymeleaf/ThymeleafAutoConfiguration$Thymeleaf2Configuration$$EnhancerBySpringCGLIB$$3edfdb24Customizer> (0x00000000f157c280) thrown at [/HUDSON3/workspace/8-2-build-l
Event: 42.447 Thread 0x00007fdb8c015000 Exception <a 'java/lang/ClassNotFoundException': org/springframework/context/annotation/ConfigurationClassEnhancer$EnhancedConfigurationCustomizer> (0x00000000f15c2020) thrown at [/HUDSON3/workspace/8-2-build-linux-amd64/jdk8u121/8372/hotspot/src/share/vm
Event: 42.448 Thread 0x00007fdb8c015000 Exception <a 'java/lang/ClassNotFoundException': java/lang/ObjectCustomizer> (0x00000000f15db790) thrown at [/HUDSON3/workspace/8-2-build-linux-amd64/jdk8u121/8372/hotspot/src/share/vm/classfile/systemDictionary.cpp, line 210]
Event: 42.451 Thread 0x00007fdb8c015000 Exception <a 'java/lang/ClassNotFoundException': org/springframework/boot/autoconfigure/thymeleaf/ThymeleafAutoConfigurationCustomizer> (0x00000000f1619218) thrown at [/HUDSON3/workspace/8-2-build-linux-amd64/jdk8u121/8372/hotspot/src/share/vm/classfile/s
Event: 42.452 Thread 0x00007fdb8c015000 Exception <a 'java/lang/ClassNotFoundException': org/springframework/boot/autoconfigure/thymeleaf/ThymeleafAutoConfiguration$$EnhancerBySpringCGLIB$$88cf4c29Customizer> (0x00000000f16657b8) thrown at [/HUDSON3/workspace/8-2-build-linux-amd64/jdk8u121/8372
Event: 42.453 Thread 0x00007fdb8c015000 Exception <a 'java/lang/ClassNotFoundException': org/springframework/context/annotation/ConfigurationClassEnhancer$EnhancedConfigurationCustomizer> (0x00000000f16aad78) thrown at [/HUDSON3/workspace/8-2-build-linux-amd64/jdk8u121/8372/hotspot/src/share/vm

Events (10 events):
Event: 42.454 Thread 0x00007fdb8c015000 Uncommon trap: trap_request=0xffffffa7 fr.pc=0x00007fdb7cc7c92c
Event: 42.454 Thread 0x00007fdb8c015000 DEOPT PACKING pc=0x00007fdb7cc7c92c sp=0x00007fdb923f64b0
Event: 42.454 Thread 0x00007fdb8c015000 DEOPT UNPACKING pc=0x00007fdb7b9f3229 sp=0x00007fdb923f64b0 mode 2
Event: 42.454 Thread 0x00007fdb8c015000 Uncommon trap: trap_request=0xffffffa7 fr.pc=0x00007fdb7cc7c92c
Event: 42.454 Thread 0x00007fdb8c015000 DEOPT PACKING pc=0x00007fdb7cc7c92c sp=0x00007fdb923f64b0
Event: 42.454 Thread 0x00007fdb8c015000 DEOPT UNPACKING pc=0x00007fdb7b9f3229 sp=0x00007fdb923f64b0 mode 2
Event: 42.454 Thread 0x00007fdb8c015000 Uncommon trap: trap_request=0xffffffa7 fr.pc=0x00007fdb7cc7c92c
Event: 42.454 Thread 0x00007fdb8c015000 DEOPT PACKING pc=0x00007fdb7cc7c92c sp=0x00007fdb923f64b0
Event: 42.454 Thread 0x00007fdb8c015000 DEOPT UNPACKING pc=0x00007fdb7b9f3229 sp=0x00007fdb923f64b0 mode 2
Event: 42.636 Executing VM operation: ParallelGCFailedAllocation


Dynamic libraries:
00400000-00401000 r-xp 00000000 08:05 6570561                            /usr/lib/jvm/java-8-oracle/bin/java
00600000-00601000 rw-p 00000000 08:05 6570561                            /usr/lib/jvm/java-8-oracle/bin/java
00dc7000-00de8000 rw-p 00000000 00:00 0                                  [heap]
88000000-8c700000 rw-p 00000000 00:00 0 
8c700000-d8000000 ---p 00000000 00:00 0 
d8000000-f3f00000 rw-p 00000000 00:00 0 
ff400000-100000000 ---p 00000000 00:00 0 
100000000-1006c0000 rw-p 00000000 00:00 0 
1006c0000-140000000 ---p 00000000 00:00 0 
7fdaf8000000-7fdaf8e9e000 rw-p 00000000 00:00 0 
7fdaf8e9e000-7fdafc000000 ---p 00000000 00:00 0 
7fdafc000000-7fdafc021000 rw-p 00000000 00:00 0 
7fdafc021000-7fdb00000000 ---p 00000000 00:00 0 
7fdb03600000-7fdb03680000 rw-p 00000000 00:00 0 
7fdb03680000-7fdb03800000 ---p 00000000 00:00 0 
7fdb03800000-7fdb03a00000 rw-p 00000000 00:00 0 
7fdb03a00000-7fdb03c00000 rw-p 00000000 00:00 0 
7fdb03c00000-7fdb03e00000 rw-p 00000000 00:00 0 
7fdb03e00000-7fdb04000000 rw-p 00000000 00:00 0 
7fdb04000000-7fdb04021000 rw-p 00000000 00:00 0 
7fdb04021000-7fdb08000000 ---p 00000000 00:00 0 
7fdb08000000-7fdb08021000 rw-p 00000000 00:00 0 
7fdb08021000-7fdb0c000000 ---p 00000000 00:00 0 
7fdb0c000000-7fdb0c1c1000 rw-p 00000000 00:00 0 
7fdb0c1c1000-7fdb10000000 ---p 00000000 00:00 0 
7fdb10000000-7fdb1006a000 rw-p 00000000 00:00 0 
7fdb1006a000-7fdb14000000 ---p 00000000 00:00 0 
7fdb14000000-7fdb1406a000 rw-p 00000000 00:00 0 
7fdb1406a000-7fdb18000000 ---p 00000000 00:00 0 
7fdb18000000-7fdb18021000 rw-p 00000000 00:00 0 
7fdb18021000-7fdb1c000000 ---p 00000000 00:00 0 
7fdb1c000000-7fdb1c021000 rw-p 00000000 00:00 0 
7fdb1c021000-7fdb20000000 ---p 00000000 00:00 0 
7fdb20000000-7fdb20021000 rw-p 00000000 00:00 0 
7fdb20021000-7fdb24000000 ---p 00000000 00:00 0 
7fdb24000000-7fdb24021000 rw-p 00000000 00:00 0 
7fdb24021000-7fdb28000000 ---p 00000000 00:00 0 
7fdb28000000-7fdb28021000 rw-p 00000000 00:00 0 
7fdb28021000-7fdb2c000000 ---p 00000000 00:00 0 
7fdb2c000000-7fdb2c021000 rw-p 00000000 00:00 0 
7fdb2c021000-7fdb30000000 ---p 00000000 00:00 0 
7fdb30000000-7fdb30021000 rw-p 00000000 00:00 0 
7fdb30021000-7fdb34000000 ---p 00000000 00:00 0 
7fdb34000000-7fdb352e0000 rw-p 00000000 00:00 0 
7fdb352e0000-7fdb38000000 ---p 00000000 00:00 0 
7fdb38000000-7fdb38021000 rw-p 00000000 00:00 0 
7fdb38021000-7fdb3c000000 ---p 00000000 00:00 0 
7fdb3c000000-7fdb3fffc000 rw-p 00000000 00:00 0 
7fdb3fffc000-7fdb40000000 ---p 00000000 00:00 0 
7fdb40000000-7fdb432fd000 rw-p 00000000 00:00 0 
7fdb432fd000-7fdb44000000 ---p 00000000 00:00 0 
7fdb44000000-7fdb44021000 rw-p 00000000 00:00 0 
7fdb44021000-7fdb48000000 ---p 00000000 00:00 0 
7fdb48000000-7fdb48021000 rw-p 00000000 00:00 0 
7fdb48021000-7fdb4c000000 ---p 00000000 00:00 0 
7fdb4c000000-7fdb4c021000 rw-p 00000000 00:00 0 
7fdb4c021000-7fdb50000000 ---p 00000000 00:00 0 
7fdb50000000-7fdb50021000 rw-p 00000000 00:00 0 
7fdb50021000-7fdb54000000 ---p 00000000 00:00 0 
7fdb54000000-7fdb54021000 rw-p 00000000 00:00 0 
7fdb54021000-7fdb58000000 ---p 00000000 00:00 0 
7fdb58000000-7fdb58021000 rw-p 00000000 00:00 0 
7fdb58021000-7fdb5c000000 ---p 00000000 00:00 0 
7fdb5c000000-7fdb5c021000 rw-p 00000000 00:00 0 
7fdb5c021000-7fdb60000000 ---p 00000000 00:00 0 
7fdb60000000-7fdb602c0000 rw-p 00000000 00:00 0 
7fdb602c0000-7fdb64000000 ---p 00000000 00:00 0 
7fdb64000000-7fdb64021000 rw-p 00000000 00:00 0 
7fdb64021000-7fdb68000000 ---p 00000000 00:00 0 
7fdb6805a000-7fdb6825a000 rw-p 00000000 00:00 0 
7fdb6825a000-7fdb68270000 r-xp 00000000 08:05 4198916                    /lib/x86_64-linux-gnu/libgcc_s.so.1
7fdb68270000-7fdb6846f000 ---p 00016000 08:05 4198916                    /lib/x86_64-linux-gnu/libgcc_s.so.1
7fdb6846f000-7fdb68470000 rw-p 00015000 08:05 4198916                    /lib/x86_64-linux-gnu/libgcc_s.so.1
7fdb68470000-7fdb684a2000 r-xp 00000000 08:05 6049683                    /usr/lib/jvm/java-8-oracle/jre/lib/amd64/libsunec.so
7fdb684a2000-7fdb686a1000 ---p 00032000 08:05 6049683                    /usr/lib/jvm/java-8-oracle/jre/lib/amd64/libsunec.so
7fdb686a1000-7fdb686a7000 rw-p 00031000 08:05 6049683                    /usr/lib/jvm/java-8-oracle/jre/lib/amd64/libsunec.so
7fdb686a7000-7fdb686b7000 rw-p 00000000 00:00 0 
7fdb686b7000-7fdb686ba000 ---p 00000000 00:00 0 
7fdb686ba000-7fdb689b8000 rw-p 00000000 00:00 0 
7fdb689b8000-7fdb68bb8000 rw-p 00000000 00:00 0 
7fdb68bb8000-7fdb68bbb000 ---p 00000000 00:00 0 
7fdb68bbb000-7fdb68cb9000 rw-p 00000000 00:00 0 
7fdb68cb9000-7fdb68cbc000 ---p 00000000 00:00 0 
7fdb68cbc000-7fdb68fba000 rw-p 00000000 00:00 0 
7fdb69005000-7fdb6900b000 r--s 0003f000 08:05 6050640                    /usr/lib/jvm/java-8-oracle/jre/lib/ext/sunjce_provider.jar
7fdb6900b000-7fdb6900f000 r--s 0003a000 08:05 6050623                    /usr/lib/jvm/java-8-oracle/jre/lib/ext/sunpkcs11.jar
7fdb6900f000-7fdb69012000 r--s 0001a000 08:05 5643152                    /usr/lib/jvm/java-8-oracle/jre/lib/jce.jar
7fdb69012000-7fdb69212000 rw-p 00000000 00:00 0 
7fdb69212000-7fdb69215000 ---p 00000000 00:00 0 
7fdb69215000-7fdb69513000 rw-p 00000000 00:00 0 
7fdb69513000-7fdb69713000 rw-p 00000000 00:00 0 
7fdb69713000-7fdb69913000 rw-p 00000000 00:00 0 
7fdb69913000-7fdb69b13000 rw-p 00000000 00:00 0 
7fdb69b13000-7fdb69ba8000 r--s 01109000 08:05 6050624                    /usr/lib/jvm/java-8-oracle/jre/lib/ext/jfxrt.jar
7fdb69ba8000-7fdb69da8000 rw-p 00000000 00:00 0 
7fdb69da8000-7fdb69fa8000 rw-p 00000000 00:00 0 
7fdb69fa8000-7fdb6a1a8000 rw-p 00000000 00:00 0 
7fdb6a1a8000-7fdb6a1bf000 r-xp 00000000 08:05 4198822                    /lib/x86_64-linux-gnu/libresolv-2.23.so
7fdb6a1bf000-7fdb6a3bf000 ---p 00017000 08:05 4198822                    /lib/x86_64-linux-gnu/libresolv-2.23.so
7fdb6a3bf000-7fdb6a3c0000 r--p 00017000 08:05 4198822                    /lib/x86_64-linux-gnu/libresolv-2.23.so
7fdb6a3c0000-7fdb6a3c1000 rw-p 00018000 08:05 4198822                    /lib/x86_64-linux-gnu/libresolv-2.23.so
7fdb6a3c1000-7fdb6a3c3000 rw-p 00000000 00:00 0 
7fdb6a3c3000-7fdb6a3c8000 r-xp 00000000 08:05 4198847                    /lib/x86_64-linux-gnu/libnss_dns-2.23.so
7fdb6a3c8000-7fdb6a5c8000 ---p 00005000 08:05 4198847                    /lib/x86_64-linux-gnu/libnss_dns-2.23.so
7fdb6a5c8000-7fdb6a5c9000 r--p 00005000 08:05 4198847                    /lib/x86_64-linux-gnu/libnss_dns-2.23.so
7fdb6a5c9000-7fdb6a5ca000 rw-p 00006000 08:05 4198847                    /lib/x86_64-linux-gnu/libnss_dns-2.23.so
7fdb6a5ca000-7fdb6a5cc000 r-xp 00000000 08:05 4198983                    /lib/x86_64-linux-gnu/libnss_mdns4_minimal.so.2
7fdb6a5cc000-7fdb6a7cb000 ---p 00002000 08:05 4198983                    /lib/x86_64-linux-gnu/libnss_mdns4_minimal.so.2
7fdb6a7cb000-7fdb6a7cc000 r--p 00001000 08:05 4198983                    /lib/x86_64-linux-gnu/libnss_mdns4_minimal.so.2
7fdb6a7cc000-7fdb6a7cd000 rw-p 00002000 08:05 4198983                    /lib/x86_64-linux-gnu/libnss_mdns4_minimal.so.2
7fdb6a7cd000-7fdb6a7cf000 r--s 00009000 08:05 6050639                    /usr/lib/jvm/java-8-oracle/jre/lib/ext/sunec.jar
7fdb6a7cf000-7fdb6a7e2000 r--s 00345000 08:05 5643148                    /usr/lib/jvm/java-8-oracle/jre/lib/resources.jar
7fdb6a7e2000-7fdb6a7e7000 r--s 002f9000 08:05 5643124                    /usr/lib/jvm/java-8-oracle/jre/lib/charsets.jar
7fdb6a7e7000-7fdb6a7ea000 ---p 00000000 00:00 0 
7fdb6a7ea000-7fdb6aae8000 rw-p 00000000 00:00 0 
7fdb6aae8000-7fdb6ace8000 rw-p 00000000 00:00 0 
7fdb6ace8000-7fdb6aceb000 ---p 00000000 00:00 0 
7fdb6aceb000-7fdb6ade9000 rw-p 00000000 00:00 0 
7fdb6ade9000-7fdb6ae05000 r--s 00393000 08:05 6050658                    /usr/lib/jvm/java-8-oracle/jre/lib/ext/cldrdata.jar
7fdb6ae05000-7fdb6ae08000 ---p 00000000 00:00 0 
7fdb6ae08000-7fdb6b106000 rw-p 00000000 00:00 0 
7fdb6b106000-7fdb6b109000 ---p 00000000 00:00 0 
7fdb6b109000-7fdb6b207000 rw-p 00000000 00:00 0 
7fdb6b207000-7fdb6b20e000 r--s 00000000 08:05 5260238                    /usr/lib/x86_64-linux-gnu/gconv/gconv-modules.cache
7fdb6b20e000-7fdb6b233000 r--p 00000000 08:05 6048970                    /usr/share/locale-langpack/es/LC_MESSAGES/libc.mo
7fdb6b233000-7fdb6b236000 ---p 00000000 00:00 0 
7fdb6b236000-7fdb6b334000 rw-p 00000000 00:00 0 
7fdb6b334000-7fdb6b335000 ---p 00000000 00:00 0 
7fdb6b335000-7fdb6b435000 rw-p 00000000 00:00 0 
7fdb6b435000-7fdb6b438000 ---p 00000000 00:00 0 
7fdb6b438000-7fdb6b536000 rw-p 00000000 00:00 0 
7fdb6b536000-7fdb6b540000 r--s 00116000 08:05 6050647                    /usr/lib/jvm/java-8-oracle/jre/lib/ext/localedata.jar
7fdb6b540000-7fdb6b543000 ---p 00000000 00:00 0 
7fdb6b543000-7fdb6b641000 rw-p 00000000 00:00 0 
7fdb6b641000-7fdb6b644000 ---p 00000000 00:00 0 
7fdb6b644000-7fdb6b742000 rw-p 00000000 00:00 0 
7fdb6b742000-7fdb6b746000 r--s 0009a000 08:05 5643123                    /usr/lib/jvm/java-8-oracle/jre/lib/jsse.jar
7fdb6b746000-7fdb6b74d000 r--s 0003f000 08:05 7737837                    /home/angel/.m2/repository/commons-codec/commons-codec/1.10/commons-codec-1.10.jar
7fdb6b74d000-7fdb6b754000 r--s 00049000 08:05 6820759                    /home/angel/.m2/repository/org/apache/httpcomponents/httpcore/4.4.5/httpcore-4.4.5.jar
7fdb6b754000-7fdb6b761000 r--s 000aa000 08:05 6825688                    /home/angel/.m2/repository/org/apache/httpcomponents/httpclient/4.5.3/httpclient-4.5.3.jar
7fdb6b761000-7fdb6b766000 r--s 0002a000 08:05 7209928                    /home/angel/.m2/repository/com/google/code/gson/gson/2.2.2/gson-2.2.2.jar
7fdb6b766000-7fdb6b769000 r--s 00028000 08:05 5641283                    /home/angel/.m2/repository/com/nimbusds/nimbus-jose-jwt/3.1.2/nimbus-jose-jwt-3.1.2.jar
7fdb6b769000-7fdb6b76a000 r--s 00002000 08:05 5641280                    /home/angel/.m2/repository/com/nimbusds/lang-tag/1.4/lang-tag-1.4.jar
7fdb6b76a000-7fdb6b771000 r--s 0005e000 08:05 7605502                    /home/angel/.m2/repository/org/apache/commons/commons-lang3/3.3.1/commons-lang3-3.3.1.jar
7fdb6b771000-7fdb6b772000 r--s 00000000 08:05 5771378                    /home/angel/.m2/repository/net/jcip/jcip-annotations/1.0/jcip-annotations-1.0.jar
7fdb6b772000-7fdb6b777000 r--s 00037000 08:05 5641278                    /home/angel/.m2/repository/com/nimbusds/oauth2-oidc-sdk/4.5/oauth2-oidc-sdk-4.5.jar
7fdb6b777000-7fdb6b779000 r--s 0000f000 08:05 5641276                    /home/angel/.m2/repository/com/microsoft/azure/adal4j/1.0.0/adal4j-1.0.0.jar
7fdb6b779000-7fdb6b77a000 r--s 00000000 08:05 7342797                    /home/angel/.m2/repository/javax/inject/javax.inject/1/javax.inject-1.jar
7fdb6b77a000-7fdb6b77b000 r--s 00006000 08:05 5901828                    /home/angel/.m2/repository/org/codehaus/jackson/jackson-xc/1.9.2/jackson-xc-1.9.2.jar
7fdb6b77b000-7fdb6b77c000 r--s 00004000 08:05 5901826                    /home/angel/.m2/repository/org/codehaus/jackson/jackson-jaxrs/1.9.2/jackson-jaxrs-1.9.2.jar
7fdb6b77c000-7fdb6b78a000 r--s 000ad000 08:05 5901824                    /home/angel/.m2/repository/org/codehaus/jackson/jackson-mapper-asl/1.9.2/jackson-mapper-asl-1.9.2.jar
7fdb6b78a000-7fdb6b78e000 r--s 00034000 08:05 7480578                    /home/angel/.m2/repository/org/codehaus/jackson/jackson-core-asl/1.9.2/jackson-core-asl-1.9.2.jar
7fdb6b78e000-7fdb6b791000 r--s 00017000 08:05 5771376                    /home/angel/.m2/repository/javax/xml/bind/jaxb-api/2.2.2/jaxb-api-2.2.2.jar
7fdb6b791000-7fdb6b7a4000 r--s 000c7000 08:05 5901822                    /home/angel/.m2/repository/com/sun/xml/bind/jaxb-impl/2.2.3-1/jaxb-impl-2.2.3-1.jar
7fdb6b7a4000-7fdb6b7a8000 r--s 00024000 08:05 5901820                    /home/angel/.m2/repository/com/sun/jersey/jersey-json/1.13/jersey-json-1.13.jar
7fdb6b7a8000-7fdb6b7aa000 r--s 0000e000 08:05 7473891                    /home/angel/.m2/repository/javax/activation/activation/1.1/activation-1.1.jar
7fdb6b7aa000-7fdb6b7b2000 r--s 00075000 08:05 5771374                    /home/angel/.m2/repository/javax/mail/mail/1.4.5/mail-1.4.5.jar
7fdb6b7b2000-7fdb6b7b7000 r--s 00024000 08:05 5641274                    /home/angel/.m2/repository/com/microsoft/azure/azure-core/0.9.3/azure-core-0.9.3.jar
7fdb6b7b7000-7fdb6b7ba000 r--s 0001b000 08:05 5641272                    /home/angel/.m2/repository/com/microsoft/azure/azure-keyvault/0.9.3/azure-keyvault-0.9.3.jar
7fdb6b7ba000-7fdb6b7c3000 r--s 000b3000 08:05 5641270                    /home/angel/.m2/repository/com/microsoft/sqlserver/mssql-jdbc/6.1.0.jre8/mssql-jdbc-6.1.0.jre8.jar
7fdb6b7c3000-7fdb6b7c6000 r--s 00015000 08:05 6695072                    /home/angel/.m2/repository/mx/com/anzen/persistence-sp/1.0/persistence-sp-1.0.jar
7fdb6b7c6000-7fdb6b7c7000 r--s 0000c000 08:05 7081622                    /home/angel/.m2/repository/org/ow2/asm/asm/5.0.3/asm-5.0.3.jar
7fdb6b7c7000-7fdb6b7c9000 r--s 00012000 08:05 6313303                    /home/angel/.m2/repository/net/minidev/accessors-smart/1.1/accessors-smart-1.1.jar
7fdb6b7c9000-7fdb6b7cc000 r--s 0001b000 08:05 6431021                    /home/angel/.m2/repository/net/minidev/json-smart/2.2.1/json-smart-2.2.1.jar
7fdb6b7cc000-7fdb6b7cd000 r--s 00005000 08:05 6826129                    /home/angel/.m2/repository/com/googlecode/json-simple/json-simple/1.1.1/json-simple-1.1.1.jar
7fdb6b7cd000-7fdb6b7ce000 r--s 00026000 08:05 6192675                    /home/angel/.m2/repository/org/webjars/jquery/2.1.1/jquery-2.1.1.jar
7fdb6b7ce000-7fdb6b7d5000 r--s 0009b000 08:05 6696134                    /home/angel/.m2/repository/org/webjars/bootstrap/3.3.6/bootstrap-3.3.6.jar
7fdb6b7d5000-7fdb6b7da000 r--s 00041000 08:05 6820505                    /home/angel/.m2/repository/commons-lang/commons-lang/2.6/commons-lang-2.6.jar
7fdb6b7da000-7fdb6b7e8000 r--s 0015f000 08:05 5644032                    /home/angel/.m2/repository/org/hsqldb/hsqldb/2.3.3/hsqldb-2.3.3.jar
7fdb6b7e8000-7fdb6b7ed000 r--s 0002e000 08:05 6949775                    /home/angel/.m2/repository/com/jayway/jsonpath/json-path/2.2.0/json-path-2.2.0.jar
7fdb6b7ed000-7fdb6b7ef000 r--s 00009000 08:05 529857                     /home/angel/.m2/repository/org/slf4j/slf4j-api/1.7.21/slf4j-api-1.7.21.jar
7fdb6b7ef000-7fdb6b808000 r--s 000fc000 08:05 6696132                    /home/angel/.m2/repository/org/springframework/spring-context/4.3.2.RELEASE/spring-context-4.3.2.RELEASE.jar
7fdb6b808000-7fdb6b815000 r--s 000ac000 08:05 6696130                    /home/angel/.m2/repository/org/springframework/spring-beans/4.3.2.RELEASE/spring-beans-4.3.2.RELEASE.jar
7fdb6b815000-7fdb6b81e000 r--s 00054000 08:05 5644030                    /home/angel/.m2/repository/org/springframework/spring-aop/4.3.2.RELEASE/spring-aop-4.3.2.RELEASE.jar
7fdb6b81e000-7fdb6b823000 r--s 0002a000 08:05 5644028                    /home/angel/.m2/repository/org/springframework/hateoas/spring-hateoas/0.20.0.RELEASE/spring-hateoas-0.20.0.RELEASE.jar
7fdb6b823000-7fdb6b83a000 r--s 000f9000 08:05 5906942                    /home/angel/.m2/repository/org/springframework/spring-core/4.3.2.RELEASE/spring-core-4.3.2.RELEASE.jar
7fdb6b83a000-7fdb6b83c000 r--s 00009000 08:05 7615413                    /home/angel/.m2/repository/org/hamcrest/hamcrest-core/1.3/hamcrest-core-1.3.jar
7fdb6b83c000-7fdb6b844000 r--s 00045000 08:05 7342894                    /home/angel/.m2/repository/junit/junit/4.12/junit-4.12.jar
7fdb6b844000-7fdb6b851000 r--s 00066000 08:05 6696122                    /home/angel/.m2/repository/org/springframework/boot/spring-boot-actuator/1.4.0.RELEASE/spring-boot-actuator-1.4.0.RELEASE.jar
7fdb6b851000-7fdb6b856000 r--s 0003c000 08:05 5906940                    /home/angel/.m2/repository/org/springframework/spring-expression/4.3.2.RELEASE/spring-expression-4.3.2.RELEASE.jar
7fdb6b856000-7fdb6b868000 r--s 000ce000 08:05 6696118                    /home/angel/.m2/repository/org/springframework/spring-webmvc/4.3.2.RELEASE/spring-webmvc-4.3.2.RELEASE.jar
7fdb6b868000-7fdb6b87a000 r--s 000b5000 08:05 5906938                    /home/angel/.m2/repository/org/springframework/spring-web/4.3.2.RELEASE/spring-web-4.3.2.RELEASE.jar
7fdb6b87a000-7fdb6b88a000 r--s 0009c000 08:05 6051022                    /home/angel/.m2/repository/org/hibernate/hibernate-validator/5.2.4.Final/hibernate-validator-5.2.4.Final.jar
7fdb6b88a000-7fdb6b8d7000 r--s 0040b000 08:05 1578656                    /home/angel/.m2/repository/org/codehaus/groovy/groovy/2.4.7/groovy-2.4.7.jar
7fdb6b8d7000-7fdb6b8e8000 r-xp 00000000 08:05 6049803                    /usr/lib/jvm/java-8-oracle/jre/lib/amd64/libnio.so
7fdb6b8e8000-7fdb6bae7000 ---p 00011000 08:05 6049803                    /usr/lib/jvm/java-8-oracle/jre/lib/amd64/libnio.so
7fdb6bae7000-7fdb6bae8000 rw-p 00010000 08:05 6049803                    /usr/lib/jvm/java-8-oracle/jre/lib/amd64/libnio.so
7fdb6bae8000-7fdb6bde9000 rw-p 00000000 00:00 0 
7fdb6bde9000-7fdb6bdff000 r-xp 00000000 08:05 6049651                    /usr/lib/jvm/java-8-oracle/jre/lib/amd64/libnet.so
7fdb6bdff000-7fdb6bfff000 ---p 00016000 08:05 6049651                    /usr/lib/jvm/java-8-oracle/jre/lib/amd64/libnet.so
7fdb6bfff000-7fdb6c000000 rw-p 00016000 08:05 6049651                    /usr/lib/jvm/java-8-oracle/jre/lib/amd64/libnet.so
7fdb6c000000-7fdb6c021000 rw-p 00000000 00:00 0 
7fdb6c021000-7fdb70000000 ---p 00000000 00:00 0 
7fdb70000000-7fdb70001000 r--s 00000000 08:05 6696120                    /home/angel/.m2/repository/org/springframework/boot/spring-boot-starter-actuator/1.4.0.RELEASE/spring-boot-starter-actuator-1.4.0.RELEASE.jar
7fdb70001000-7fdb70003000 r--s 0000e000 08:05 6949953                    /home/angel/.m2/repository/com/fasterxml/classmate/1.3.1/classmate-1.3.1.jar
7fdb70003000-7fdb70007000 r--s 0000c000 08:05 6430817                    /home/angel/.m2/repository/javax/validation/validation-api/1.1.0.Final/validation-api-1.1.0.Final.jar
7fdb70007000-7fdb7000c000 r--s 00036000 08:05 5778129                    /home/angel/.m2/repository/org/apache/tomcat/embed/tomcat-embed-websocket/8.5.4/tomcat-embed-websocket-8.5.4.jar
7fdb7000c000-7fdb70011000 r--s 00036000 08:05 6696116                    /home/angel/.m2/repository/org/apache/tomcat/embed/tomcat-embed-el/8.5.4/tomcat-embed-el-8.5.4.jar
7fdb70011000-7fdb7003a000 r--s 002af000 08:05 5906936                    /home/angel/.m2/repository/org/apache/tomcat/embed/tomcat-embed-core/8.5.4/tomcat-embed-core-8.5.4.jar
7fdb7003a000-7fdb7003b000 r--s 00000000 08:05 6696114                    /home/angel/.m2/repository/org/springframework/boot/spring-boot-starter-tomcat/1.4.0.RELEASE/spring-boot-starter-tomcat-1.4.0.RELEASE.jar
7fdb7003b000-7fdb7003c000 r--s 00000000 08:05 6696112                    /home/angel/.m2/repository/org/springframework/boot/spring-boot-starter-web/1.4.0.RELEASE/spring-boot-starter-web-1.4.0.RELEASE.jar
7fdb7003c000-7fdb7003f000 r--s 0001a000 08:05 5644026                    /home/angel/.m2/repository/nz/net/ultraq/thymeleaf/thymeleaf-layout-dialect/1.4.0/thymeleaf-layout-dialect-1.4.0.jar
7fdb7003f000-7fdb70042000 r--s 00020000 08:05 5644024                    /home/angel/.m2/repository/org/unbescape/unbescape/1.1.0.RELEASE/unbescape-1.1.0.RELEASE.jar
7fdb70042000-7fdb70045000 r--s 00035000 08:05 5644022                    /home/angel/.m2/repository/ognl/ognl/3.0.8/ognl-3.0.8.jar
7fdb70045000-7fdb70052000 r--s 000b7000 08:05 5644020                    /home/angel/.m2/repository/org/thymeleaf/thymeleaf/2.1.5.RELEASE/thymeleaf-2.1.5.RELEASE.jar
7fdb70052000-7fdb70055000 r--s 00034000 08:05 5644018                    /home/angel/.m2/repository/org/thymeleaf/thymeleaf-spring4/2.1.5.RELEASE/thymeleaf-spring4-2.1.5.RELEASE.jar
7fdb70055000-7fdb70056000 r--s 00000000 08:05 5778127                    /home/angel/.m2/repository/org/springframework/boot/spring-boot-starter-thymeleaf/1.4.0.RELEASE/spring-boot-starter-thymeleaf-1.4.0.RELEASE.jar
7fdb70056000-7fdb70058000 r--s 00002000 08:05 5644016                    /home/angel/.m2/repository/org/atteo/evo-inflector/1.2.1/evo-inflector-1.2.1.jar
7fdb70058000-7fdb70059000 r--s 00004000 08:05 5644014                    /home/angel/.m2/repository/org/springframework/plugin/spring-plugin-core/1.2.0.RELEASE/spring-plugin-core-1.2.0.RELEASE.jar
7fdb70059000-7fdb7005e000 r--s 0001b000 08:05 5906934                    /home/angel/.m2/repository/org/springframework/data/spring-data-rest-core/2.5.2.RELEASE/spring-data-rest-core-2.5.2.RELEASE.jar
7fdb7005e000-7fdb70064000 r--s 0003d000 08:05 5906932                    /home/angel/.m2/repository/org/springframework/data/spring-data-rest-webmvc/2.5.2.RELEASE/spring-data-rest-webmvc-2.5.2.RELEASE.jar
7fdb70064000-7fdb70076000 r--s 0011b000 08:05 6696110                    /home/angel/.m2/repository/com/fasterxml/jackson/core/jackson-databind/2.8.1/jackson-databind-2.8.1.jar
7fdb70076000-7fdb70079000 r--s 0000b000 08:05 5906930                    /home/angel/.m2/repository/com/fasterxml/jackson/core/jackson-annotations/2.8.1/jackson-annotations-2.8.1.jar
7fdb70079000-7fdb7007a000 r--s 00000000 08:05 5778125                    /home/angel/.m2/repository/org/springframework/boot/spring-boot-starter-data-rest/1.4.0.RELEASE/spring-boot-starter-data-rest-1.4.0.RELEASE.jar
7fdb7007a000-7fdb7007d000 r--s 0000c000 08:05 6955624                    /home/angel/.m2/repository/org/springframework/spring-aspects/4.3.2.RELEASE/spring-aspects-4.3.2.RELEASE.jar
7fdb7007d000-7fdb7007f000 r--s 00003000 08:05 5905223                    /home/angel/.m2/repository/org/slf4j/jcl-over-slf4j/1.7.21/jcl-over-slf4j-1.7.21.jar
7fdb7007f000-7fdb70087000 r--s 0003a000 08:05 6696108                    /home/angel/.m2/repository/org/springframework/spring-tx/4.3.2.RELEASE/spring-tx-4.3.2.RELEASE.jar
7fdb70087000-7fdb70091000 r--s 0006b000 08:05 5906928                    /home/angel/.m2/repository/org/springframework/spring-orm/4.3.2.RELEASE/spring-orm-4.3.2.RELEASE.jar
7fdb70091000-7fdb700a2000 r--s 00098000 08:05 5906926                    /home/angel/.m2/repository/org/springframework/data/spring-data-commons/1.12.2.RELEASE/spring-data-commons-1.12.2.RELEASE.jar
7fdb700a2000-7fdb700a9000 r--s 0003d000 08:05 6696106                    /home/angel/.m2/repository/org/springframework/data/spring-data-jpa/1.10.2.RELEASE/spring-data-jpa-1.10.2.RELEASE.jar
7fdb700a9000-7fdb700ab000 r--s 00006000 08:05 7212713                    /home/angel/.m2/repository/javax/transaction/javax.transaction-api/1.2/javax.transaction-api-1.2.jar
7fdb700ab000-7fdb700b8000 r--s 00088000 08:05 5906924                    /home/angel/.m2/repository/org/hibernate/hibernate-entitymanager/5.0.9.Final/hibernate-entitymanager-5.0.9.Final.jar
7fdb700b8000-7fdb700bb000 r--s 00010000 08:05 7615354                    /home/angel/.m2/repository/org/hibernate/common/hibernate-commons-annotations/5.0.1.Final/hibernate-commons-annotations-5.0.1.Final.jar
7fdb700bb000-7fdb700c4000 r--s 0002d000 08:05 6949913                    /home/angel/.m2/repository/xml-apis/xml-apis/1.4.01/xml-apis-1.4.01.jar
7fdb700c4000-7fdb700c9000 r--s 00048000 08:05 6313435                    /home/angel/.m2/repository/dom4j/dom4j/1.6.1/dom4j-1.6.1.jar
7fdb700c9000-7fdb700cc000 r--s 0002b000 08:05 6051158                    /home/angel/.m2/repository/org/jboss/jandex/2.0.0.Final/jandex-2.0.0.Final.jar
7fdb700cc000-7fdb700d1000 r--s 00068000 08:05 6051299                    /home/angel/.m2/repository/antlr/antlr/2.7.7/antlr-2.7.7.jar
7fdb700d1000-7fdb700db000 r--s 000ae000 08:05 6820667                    /home/angel/.m2/repository/org/javassist/javassist/3.20.0-GA/javassist-3.20.0-GA.jar
7fdb700db000-7fdb700e0000 r--s 00017000 08:05 6051353                    /home/angel/.m2/repository/org/hibernate/javax/persistence/hibernate-jpa-2.1-api/1.0.0.Final/hibernate-jpa-2.1-api-1.0.0.Final.jar
7fdb700e0000-7fdb700e2000 r--s 0000f000 08:05 6313379                    /home/angel/.m2/repository/org/jboss/logging/jboss-logging/3.3.0.Final/jboss-logging-3.3.0.Final.jar
7fdb700e2000-7fdb7014c000 r--s 004ed000 08:05 7743552                    /home/angel/.m2/repository/org/hibernate/hibernate-core/5.0.9.Final/hibernate-core-5.0.9.Final.jar
7fdb7014c000-7fdb70156000 r--s 0005f000 08:05 6696104                    /home/angel/.m2/repository/org/springframework/spring-jdbc/4.3.2.RELEASE/spring-jdbc-4.3.2.RELEASE.jar
7fdb70156000-7fdb70157000 r--s 00009000 08:05 5778123                    /home/angel/.m2/repository/org/apache/tomcat/tomcat-juli/8.5.4/tomcat-juli-8.5.4.jar
7fdb70157000-7fdb7015a000 r--s 0001f000 08:05 5778121                    /home/angel/.m2/repository/org/apache/tomcat/tomcat-jdbc/8.5.4/tomcat-jdbc-8.5.4.jar
7fdb7015a000-7fdb7015b000 r--s 00000000 08:05 6696102                    /home/angel/.m2/repository/org/springframework/boot/spring-boot-starter-jdbc/1.4.0.RELEASE/spring-boot-starter-jdbc-1.4.0.RELEASE.jar
7fdb7015b000-7fdb70174000 r--s 001af000 08:05 662104                     /home/angel/.m2/repository/org/aspectj/aspectjweaver/1.8.9/aspectjweaver-1.8.9.jar
7fdb70174000-7fdb70175000 r--s 00000000 08:05 6696100                    /home/angel/.m2/repository/org/springframework/boot/spring-boot-starter-aop/1.4.0.RELEASE/spring-boot-starter-aop-1.4.0.RELEASE.jar
7fdb70175000-7fdb7017b000 r--s 0003d000 08:05 6692542                    /home/angel/.m2/repository/org/yaml/snakeyaml/1.17/snakeyaml-1.17.jar
7fdb7017b000-7fdb7017d000 r--s 00004000 08:05 7081602                    /home/angel/.m2/repository/org/slf4j/log4j-over-slf4j/1.7.21/log4j-over-slf4j-1.7.21.jar
7fdb7017d000-7fdb7017f000 r--s 00000000 08:05 7473907                    /home/angel/.m2/repository/org/slf4j/jul-to-slf4j/1.7.21/jul-to-slf4j-1.7.21.jar
7fdb7017f000-7fdb70189000 r--s 00069000 08:05 7874088                    /home/angel/.m2/repository/ch/qos/logback/logback-core/1.1.7/logback-core-1.1.7.jar
7fdb70189000-7fdb70190000 r--s 00044000 08:05 6192671                    /home/angel/.m2/repository/ch/qos/logback/logback-classic/1.1.7/logback-classic-1.1.7.jar
7fdb70190000-7fdb70191000 r--s 00000000 08:05 7743538                    /home/angel/.m2/repository/org/springframework/boot/spring-boot-starter-logging/1.4.0.RELEASE/spring-boot-starter-logging-1.4.0.RELEASE.jar
7fdb70191000-7fdb70192000 r--s 00000000 08:05 6696098                    /home/angel/.m2/repository/org/springframework/boot/spring-boot-starter/1.4.0.RELEASE/spring-boot-starter-1.4.0.RELEASE.jar
7fdb70192000-7fdb70193000 r--s 00000000 08:05 5778119                    /home/angel/.m2/repository/org/springframework/boot/spring-boot-starter-data-jpa/1.4.0.RELEASE/spring-boot-starter-data-jpa-1.4.0.RELEASE.jar
7fdb70193000-7fdb70195000 r--s 00005000 08:05 6192546                    /home/angel/.m2/repository/xpp3/xpp3_min/1.1.4c/xpp3_min-1.1.4c.jar
7fdb70195000-7fdb70196000 r--s 00001000 08:05 529750                     /home/angel/.m2/repository/xmlpull/xmlpull/1.1.3.1/xmlpull-1.1.3.1.jar
7fdb70196000-7fdb701a4000 r--s 00079000 08:05 6692302                    /home/angel/.m2/repository/com/thoughtworks/xstream/xstream/1.4.9/xstream-1.4.9.jar
7fdb701a4000-7fdb701a5000 r--s 00003000 08:05 7212810                    /home/angel/.m2/repository/com/netflix/ribbon/ribbon-eureka/2.2.0/ribbon-eureka-2.2.0.jar
7fdb701a5000-7fdb701bd000 r--s 000fd000 08:05 6313441                    /home/angel/.m2/repository/io/reactivex/rxjava/1.1.10/rxjava-1.1.10.jar
7fdb701bd000-7fdb701bf000 r--s 00002000 08:05 7081728                    /home/angel/.m2/repository/com/netflix/netflix-commons/netflix-statistics/0.1.1/netflix-statistics-0.1.1.jar
7fdb701bf000-7fdb701c3000 r--s 00024000 08:05 6692510                    /home/angel/.m2/repository/com/netflix/ribbon/ribbon-loadbalancer/2.2.0/ribbon-loadbalancer-2.2.0.jar
7fdb701c3000-7fdb701d0000 r--s 00083000 08:05 5905262                    /home/angel/.m2/repository/commons-collections/commons-collections/3.2.2/commons-collections-3.2.2.jar
7fdb701d0000-7fdb701d2000 r--s 0000c000 08:05 7615408                    /home/angel/.m2/repository/com/netflix/ribbon/ribbon-httpclient/2.2.0/ribbon-httpclient-2.2.0.jar
7fdb701d2000-7fdb701d6000 r--s 00011000 08:05 6820428                    /home/angel/.m2/repository/com/netflix/ribbon/ribbon-core/2.2.0/ribbon-core-2.2.0.jar
7fdb701d6000-7fdb701dd000 r--s 00047000 08:05 6566022                    /home/angel/.m2/repository/io/netty/netty-transport/4.0.27.Final/netty-transport-4.0.27.Final.jar
7fdb701dd000-7fdb701df000 r--s 00027000 08:05 662126                     /home/angel/.m2/repository/io/netty/netty-buffer/4.0.27.Final/netty-buffer-4.0.27.Final.jar
7fdb701df000-7fdb701e6000 r--s 00060000 08:05 7874377                    /home/angel/.m2/repository/io/netty/netty-common/4.0.27.Final/netty-common-4.0.27.Final.jar
7fdb701e6000-7fdb701eb000 r--s 00036000 08:05 6566230                    /home/angel/.m2/repository/io/netty/netty-handler/4.0.27.Final/netty-handler-4.0.27.Final.jar
7fdb701eb000-7fdb701ef000 r--s 00020000 08:05 6431005                    /home/angel/.m2/repository/io/netty/netty-codec/4.0.27.Final/netty-codec-4.0.27.Final.jar
7fdb701ef000-7fdb701f7000 r--s 00061000 08:05 6566221                    /home/angel/.m2/repository/io/netty/netty-codec-http/4.0.27.Final/netty-codec-http-4.0.27.Final.jar
7fdb701f7000-7fdb70200000 r-xp 00000000 08:05 6049814                    /usr/lib/jvm/java-8-oracle/jre/lib/amd64/libmanagement.so
7fdb70200000-7fdb703ff000 ---p 00009000 08:05 6049814                    /usr/lib/jvm/java-8-oracle/jre/lib/amd64/libmanagement.so
7fdb703ff000-7fdb70400000 rw-p 00008000 08:05 6049814                    /usr/lib/jvm/java-8-oracle/jre/lib/amd64/libmanagement.so
7fdb70400000-7fdb74000000 rw-p 00000000 00:00 0 
7fdb74000000-7fdb74021000 rw-p 00000000 00:00 0 
7fdb74021000-7fdb78000000 ---p 00000000 00:00 0 
7fdb78000000-7fdb78001000 r--s 00001000 08:05 6566110                    /home/angel/.m2/repository/com/netflix/netflix-commons/netflix-commons-util/0.1.1/netflix-commons-util-0.1.1.jar
7fdb78001000-7fdb78003000 r--s 00016000 08:05 6820521                    /home/angel/.m2/repository/io/netty/netty-transport-native-epoll/4.0.27.Final/netty-transport-native-epoll-4.0.27.Final.jar
7fdb78003000-7fdb7800d000 r--s 00059000 08:05 6051329                    /home/angel/.m2/repository/io/reactivex/rxnetty/0.4.9/rxnetty-0.4.9.jar
7fdb7800d000-7fdb7800f000 r--s 0001a000 08:05 7473906                    /home/angel/.m2/repository/org/hdrhistogram/HdrHistogram/2.1.9/HdrHistogram-2.1.9.jar
7fdb7800f000-7fdb7801b000 r--s 00066000 08:05 6313113                    /home/angel/.m2/repository/com/netflix/hystrix/hystrix-core/1.5.5/hystrix-core-1.5.5.jar
7fdb7801b000-7fdb7801d000 r--s 00006000 08:05 5905264                    /home/angel/.m2/repository/io/reactivex/rxnetty-servo/0.4.9/rxnetty-servo-0.4.9.jar
7fdb7801d000-7fdb78020000 r--s 0000b000 08:05 6566191                    /home/angel/.m2/repository/io/reactivex/rxnetty-contexts/0.4.9/rxnetty-contexts-0.4.9.jar
7fdb78020000-7fdb78021000 r--s 00009000 08:05 7615004                    /home/angel/.m2/repository/com/netflix/ribbon/ribbon-transport/2.2.0/ribbon-transport-2.2.0.jar
7fdb78021000-7fdb78024000 r--s 00013000 08:05 7342711                    /home/angel/.m2/repository/com/netflix/ribbon/ribbon/2.2.0/ribbon-2.2.0.jar
7fdb78024000-7fdb7804f000 r--s 001fc000 08:05 7081714                    /home/angel/.m2/repository/com/google/guava/guava/18.0/guava-18.0.jar
7fdb7804f000-7fdb78056000 r--s 00050000 08:05 6192356                    /home/angel/.m2/repository/commons-configuration/commons-configuration/1.8/commons-configuration-1.8.jar
7fdb78056000-7fdb7805a000 r--s 00024000 08:05 7737733                    /home/angel/.m2/repository/org/codehaus/woodstox/stax2-api/3.1.4/stax2-api-3.1.4.jar
7fdb7805a000-7fdb7805c000 r--s 00004000 08:05 5772819                    /home/angel/.m2/repository/javax/xml/stream/stax-api/1.0-2/stax-api-1.0-2.jar
7fdb7805c000-7fdb78062000 r--s 00071000 08:05 5772678                    /home/angel/.m2/repository/org/codehaus/woodstox/woodstox-core-asl/4.4.1/woodstox-core-asl-4.4.1.jar
7fdb78062000-7fdb78064000 r--s 00009000 08:05 6949711                    /home/angel/.m2/repository/com/google/inject/extensions/guice-assistedinject/4.0/guice-assistedinject-4.0.jar
7fdb78064000-7fdb78066000 r--s 0000c000 08:05 6430871                    /home/angel/.m2/repository/com/google/inject/extensions/guice-grapher/4.0/guice-grapher-4.0.jar
7fdb78066000-7fdb78068000 r--s 00012000 08:05 8002261                    /home/angel/.m2/repository/com/google/inject/extensions/guice-multibindings/4.0/guice-multibindings-4.0.jar
7fdb78068000-7fdb7806c000 r--s 00017000 08:05 7738002                    /home/angel/.m2/repository/com/netflix/governator/governator-core/1.12.10/governator-core-1.12.10.jar
7fdb7806c000-7fdb78072000 r--s 00031000 08:05 6949834                    /home/angel/.m2/repository/com/netflix/governator/governator/1.12.10/governator-1.12.10.jar
7fdb78072000-7fdb78084000 r--s 000fe000 08:05 8002282                    /home/angel/.m2/repository/com/amazonaws/aws-java-sdk-route53/1.11.18/aws-java-sdk-route53-1.11.18.jar
7fdb78084000-7fdb78088000 r--s 00027000 08:05 7874068                    /home/angel/.m2/repository/com/amazonaws/aws-java-sdk-sts/1.11.18/aws-java-sdk-sts-1.11.18.jar
7fdb78088000-7fdb78093000 r--s 0009f000 08:05 6820608                    /home/angel/.m2/repository/com/amazonaws/aws-java-sdk-autoscaling/1.11.18/aws-java-sdk-autoscaling-1.11.18.jar
7fdb78093000-7fdb780c0000 r--s 00328000 08:05 7342769                    /home/angel/.m2/repository/com/amazonaws/aws-java-sdk-ec2/1.11.18/aws-java-sdk-ec2-1.11.18.jar
7fdb780c0000-7fdb780d1000 r--s 00089000 08:05 7342582                    /home/angel/.m2/repository/joda-time/joda-time/2.9.4/joda-time-2.9.4.jar
7fdb780d1000-7fdb780d3000 r--s 0000b000 08:05 5906922                    /home/angel/.m2/repository/com/fasterxml/jackson/dataformat/jackson-dataformat-cbor/2.8.1/jackson-dataformat-cbor-2.8.1.jar
7fdb780d3000-7fdb780e3000 r--s 0008f000 08:05 6949975                    /home/angel/.m2/repository/com/amazonaws/aws-java-sdk-core/1.11.18/aws-java-sdk-core-1.11.18.jar
7fdb780e3000-7fdb780e8000 r--s 00039000 08:05 8002431                    /home/angel/.m2/repository/com/netflix/eureka/eureka-core/1.4.11/eureka-core-1.4.11.jar
7fdb780e8000-7fdb780ec000 r--s 00041000 08:05 6696096                    /home/angel/.m2/repository/com/fasterxml/jackson/core/jackson-core/2.8.1/jackson-core-2.8.1.jar
7fdb780ec000-7fdb780ee000 r--s 00004000 08:05 7342868                    /home/angel/.m2/repository/com/netflix/governator/governator-api/1.12.10/governator-api-1.12.10.jar
7fdb780ee000-7fdb780f0000 r--s 00000000 08:05 400240                     /home/angel/.m2/repository/aopalliance/aopalliance/1.0/aopalliance-1.0.jar
7fdb780f0000-7fdb780fe000 r--s 00096000 08:05 6566239                    /home/angel/.m2/repository/com/google/inject/guice/4.0/guice-4.0.jar
7fdb780fe000-7fdb78100000 r--s 00003000 08:05 6192440                    /home/angel/.m2/repository/com/sun/jersey/contribs/jersey-apache-client4/1.19.1/jersey-apache-client4-1.19.1.jar
7fdb78100000-7fdb78103000 r--s 0001e000 08:05 6431207                    /home/angel/.m2/repository/com/sun/jersey/jersey-client/1.19.1/jersey-client-1.19.1.jar
7fdb78103000-7fdb7810d000 r--s 00061000 08:05 7615396                    /home/angel/.m2/repository/com/sun/jersey/jersey-core/1.19.1/jersey-core-1.19.1.jar
7fdb7810d000-7fdb78111000 r--s 00027000 08:05 7473847                    /home/angel/.m2/repository/com/netflix/servo/servo-internal/0.10.1/servo-internal-0.10.1.jar
7fdb78111000-7fdb78116000 r--s 00032000 08:05 7212682                    /home/angel/.m2/repository/com/netflix/servo/servo-core/0.10.1/servo-core-0.10.1.jar
7fdb78116000-7fdb78118000 r--s 0000a000 08:05 7615447                    /home/angel/.m2/repository/javax/ws/rs/jsr311-api/1.1.1/jsr311-api-1.1.1.jar
7fdb78118000-7fdb7811c000 r--s 0001e000 08:05 7212838                    /home/angel/.m2/repository/com/netflix/archaius/archaius-core/0.7.4/archaius-core-0.7.4.jar
7fdb7811c000-7fdb7812f000 r--s 000df000 08:05 7738063                    /home/angel/.m2/repository/org/apache/commons/commons-math/2.2/commons-math-2.2.jar
7fdb7812f000-7fdb78132000 r--s 00022000 08:05 6949886                    /home/angel/.m2/repository/org/antlr/stringtemplate/3.2.1/stringtemplate-3.2.1.jar
7fdb78132000-7fdb78136000 r--s 00025000 08:05 8002339                    /home/angel/.m2/repository/org/antlr/antlr-runtime/3.4/antlr-runtime-3.4.jar
7fdb78136000-7fdb7813c000 r--s 00044000 08:05 529703                     /home/angel/.m2/repository/commons-jxpath/commons-jxpath/1.3/commons-jxpath-1.3.jar
7fdb7813c000-7fdb7813f000 r--s 00016000 08:05 7212860                    /home/angel/.m2/repository/com/netflix/netflix-commons/netflix-infix/0.3.0/netflix-infix-0.3.0.jar
7fdb7813f000-7fdb78148000 r--s 00056000 08:05 7081765                    /home/angel/.m2/repository/com/netflix/eureka/eureka-client/1.4.11/eureka-client-1.4.11.jar
7fdb78148000-7fdb78165000 r--s 000c7000 08:05 6696094                    /home/angel/.m2/repository/org/springframework/boot/spring-boot-autoconfigure/1.4.0.RELEASE/spring-boot-autoconfigure-1.4.0.RELEASE.jar
7fdb78165000-7fdb78174000 r--s 0008f000 08:05 7741558                    /home/angel/.m2/repository/org/springframework/boot/spring-boot/1.4.0.RELEASE/spring-boot-1.4.0.RELEASE.jar
7fdb78174000-7fdb781be000 r--s 002f4000 08:05 6313121                    /home/angel/.m2/repository/org/bouncycastle/bcprov-jdk15on/1.55/bcprov-jdk15on-1.55.jar
7fdb781be000-7fdb781cf000 r--s 00096000 08:05 7737814                    /home/angel/.m2/repository/org/bouncycastle/bcpkix-jdk15on/1.55/bcpkix-jdk15on-1.55.jar
7fdb781cf000-7fdb781d2000 ---p 00000000 00:00 0 
7fdb781d2000-7fdb782d0000 rw-p 00000000 00:00 0 
7fdb782d0000-7fdb782d3000 ---p 00000000 00:00 0 
7fdb782d3000-7fdb783d1000 rw-p 00000000 00:00 0 
7fdb783d1000-7fdb783d4000 ---p 00000000 00:00 0 
7fdb783d4000-7fdb784d2000 rw-p 00000000 00:00 0 
7fdb784d2000-7fdb784d5000 ---p 00000000 00:00 0 
7fdb784d5000-7fdb785d3000 rw-p 00000000 00:00 0 
7fdb785d3000-7fdb785d6000 ---p 00000000 00:00 0 
7fdb785d6000-7fdb786d4000 rw-p 00000000 00:00 0 
7fdb786d4000-7fdb786d7000 ---p 00000000 00:00 0 
7fdb786d7000-7fdb787d5000 rw-p 00000000 00:00 0 
7fdb787d5000-7fdb787d8000 ---p 00000000 00:00 0 
7fdb787d8000-7fdb788d6000 rw-p 00000000 00:00 0 
7fdb788d6000-7fdb788da000 r-xp 00000000 08:05 6049819                    /usr/lib/jvm/java-8-oracle/jre/lib/amd64/libdt_socket.so
7fdb788da000-7fdb78ad9000 ---p 00004000 08:05 6049819                    /usr/lib/jvm/java-8-oracle/jre/lib/amd64/libdt_socket.so
7fdb78ad9000-7fdb78ada000 rw-p 00003000 08:05 6049819                    /usr/lib/jvm/java-8-oracle/jre/lib/amd64/libdt_socket.so
7fdb78ada000-7fdb78add000 ---p 00000000 00:00 0 
7fdb78add000-7fdb78bdb000 rw-p 00000000 00:00 0 
7fdb78bdb000-7fdb78bde000 ---p 00000000 00:00 0 
7fdb78bde000-7fdb78cdc000 rw-p 00000000 00:00 0 
7fdb78cdc000-7fdb78cdf000 ---p 00000000 00:00 0 
7fdb78cdf000-7fdb78ddd000 rw-p 00000000 00:00 0 
7fdb78ddd000-7fdb78dde000 ---p 00000000 00:00 0 
7fdb78dde000-7fdb79e50000 rw-p 00000000 00:00 0 
7fdb79e50000-7fdb7a029000 r--s 03d3e000 08:05 5643128                    /usr/lib/jvm/java-8-oracle/jre/lib/rt.jar
7fdb7a029000-7fdb7abe9000 rw-p 00000000 00:00 0 
7fdb7abe9000-7fdb7abea000 ---p 00000000 00:00 0 
7fdb7abea000-7fdb7acea000 rw-p 00000000 00:00 0 
7fdb7acea000-7fdb7aceb000 ---p 00000000 00:00 0 
7fdb7aceb000-7fdb7adeb000 rw-p 00000000 00:00 0 
7fdb7adeb000-7fdb7adec000 ---p 00000000 00:00 0 
7fdb7adec000-7fdb7aeec000 rw-p 00000000 00:00 0 
7fdb7aeec000-7fdb7aeed000 ---p 00000000 00:00 0 
7fdb7aeed000-7fdb7b011000 rw-p 00000000 00:00 0 
7fdb7b011000-7fdb7b26d000 ---p 00000000 00:00 0 
7fdb7b26d000-7fdb7b291000 rw-p 00000000 00:00 0 
7fdb7b291000-7fdb7b4ed000 ---p 00000000 00:00 0 
7fdb7b4ed000-7fdb7b5cd000 rw-p 00000000 00:00 0 
7fdb7b5cd000-7fdb7b62d000 ---p 00000000 00:00 0 
7fdb7b62d000-7fdb7b688000 rw-p 00000000 00:00 0 
7fdb7b688000-7fdb7b9ee000 ---p 00000000 00:00 0 
7fdb7b9ee000-7fdb7d06e000 rwxp 00000000 00:00 0 
7fdb7d06e000-7fdb8a9ee000 ---p 00000000 00:00 0 
7fdb8a9ee000-7fdb8aa08000 r-xp 00000000 08:05 6049801                    /usr/lib/jvm/java-8-oracle/jre/lib/amd64/libzip.so
7fdb8aa08000-7fdb8ac08000 ---p 0001a000 08:05 6049801                    /usr/lib/jvm/java-8-oracle/jre/lib/amd64/libzip.so
7fdb8ac08000-7fdb8ac09000 rw-p 0001a000 08:05 6049801                    /usr/lib/jvm/java-8-oracle/jre/lib/amd64/libzip.so
7fdb8ac09000-7fdb8ac14000 r-xp 00000000 08:05 4198808                    /lib/x86_64-linux-gnu/libnss_files-2.23.so
7fdb8ac14000-7fdb8ae13000 ---p 0000b000 08:05 4198808                    /lib/x86_64-linux-gnu/libnss_files-2.23.so
7fdb8ae13000-7fdb8ae14000 r--p 0000a000 08:05 4198808                    /lib/x86_64-linux-gnu/libnss_files-2.23.so
7fdb8ae14000-7fdb8ae15000 rw-p 0000b000 08:05 4198808                    /lib/x86_64-linux-gnu/libnss_files-2.23.so
7fdb8ae15000-7fdb8ae1b000 rw-p 00000000 00:00 0 
7fdb8ae1b000-7fdb8ae26000 r-xp 00000000 08:05 4198801                    /lib/x86_64-linux-gnu/libnss_nis-2.23.so
7fdb8ae26000-7fdb8b025000 ---p 0000b000 08:05 4198801                    /lib/x86_64-linux-gnu/libnss_nis-2.23.so
7fdb8b025000-7fdb8b026000 r--p 0000a000 08:05 4198801                    /lib/x86_64-linux-gnu/libnss_nis-2.23.so
7fdb8b026000-7fdb8b027000 rw-p 0000b000 08:05 4198801                    /lib/x86_64-linux-gnu/libnss_nis-2.23.so
7fdb8b027000-7fdb8b03d000 r-xp 00000000 08:05 4198803                    /lib/x86_64-linux-gnu/libnsl-2.23.so
7fdb8b03d000-7fdb8b23c000 ---p 00016000 08:05 4198803                    /lib/x86_64-linux-gnu/libnsl-2.23.so
7fdb8b23c000-7fdb8b23d000 r--p 00015000 08:05 4198803                    /lib/x86_64-linux-gnu/libnsl-2.23.so
7fdb8b23d000-7fdb8b23e000 rw-p 00016000 08:05 4198803                    /lib/x86_64-linux-gnu/libnsl-2.23.so
7fdb8b23e000-7fdb8b240000 rw-p 00000000 00:00 0 
7fdb8b240000-7fdb8b248000 r-xp 00000000 08:05 4198811                    /lib/x86_64-linux-gnu/libnss_compat-2.23.so
7fdb8b248000-7fdb8b447000 ---p 00008000 08:05 4198811                    /lib/x86_64-linux-gnu/libnss_compat-2.23.so
7fdb8b447000-7fdb8b448000 r--p 00007000 08:05 4198811                    /lib/x86_64-linux-gnu/libnss_compat-2.23.so
7fdb8b448000-7fdb8b449000 rw-p 00008000 08:05 4198811                    /lib/x86_64-linux-gnu/libnss_compat-2.23.so
7fdb8b449000-7fdb8b996000 r--p 00000000 08:05 4850016                    /usr/lib/locale/locale-archive
7fdb8b996000-7fdb8b998000 r-xp 00000000 08:05 6049809                    /usr/lib/jvm/java-8-oracle/jre/lib/amd64/libnpt.so
7fdb8b998000-7fdb8bb98000 ---p 00002000 08:05 6049809                    /usr/lib/jvm/java-8-oracle/jre/lib/amd64/libnpt.so
7fdb8bb98000-7fdb8bb99000 rw-p 00002000 08:05 6049809                    /usr/lib/jvm/java-8-oracle/jre/lib/amd64/libnpt.so
7fdb8bb99000-7fdb8bbd2000 r-xp 00000000 08:05 6049647                    /usr/lib/jvm/java-8-oracle/jre/lib/amd64/libjdwp.so
7fdb8bbd2000-7fdb8bdd2000 ---p 00039000 08:05 6049647                    /usr/lib/jvm/java-8-oracle/jre/lib/amd64/libjdwp.so
7fdb8bdd2000-7fdb8bdd3000 rw-p 00039000 08:05 6049647                    /usr/lib/jvm/java-8-oracle/jre/lib/amd64/libjdwp.so
7fdb8bdd3000-7fdb8bdd4000 rw-p 00000000 00:00 0 
7fdb8bdd4000-7fdb8bdff000 r-xp 00000000 08:05 6049828                    /usr/lib/jvm/java-8-oracle/jre/lib/amd64/libjava.so
7fdb8bdff000-7fdb8bffe000 ---p 0002b000 08:05 6049828                    /usr/lib/jvm/java-8-oracle/jre/lib/amd64/libjava.so
7fdb8bffe000-7fdb8c000000 rw-p 0002a000 08:05 6049828                    /usr/lib/jvm/java-8-oracle/jre/lib/amd64/libjava.so
7fdb8c000000-7fdb8e3fd000 rw-p 00000000 00:00 0 
7fdb8e3fd000-7fdb90000000 ---p 00000000 00:00 0 
7fdb90000000-7fdb90001000 r--s 00000000 08:05 6430832                    /home/angel/.m2/repository/org/springframework/cloud/spring-cloud-starter-ribbon/1.2.0.RELEASE/spring-cloud-starter-ribbon-1.2.0.RELEASE.jar
7fdb90001000-7fdb900e7000 rw-p 00000000 00:00 0 
7fdb900e7000-7fdb900f4000 r-xp 00000000 08:05 6049652                    /usr/lib/jvm/java-8-oracle/jre/lib/amd64/libverify.so
7fdb900f4000-7fdb902f3000 ---p 0000d000 08:05 6049652                    /usr/lib/jvm/java-8-oracle/jre/lib/amd64/libverify.so
7fdb902f3000-7fdb902f5000 rw-p 0000c000 08:05 6049652                    /usr/lib/jvm/java-8-oracle/jre/lib/amd64/libverify.so
7fdb902f5000-7fdb902fc000 r-xp 00000000 08:05 4198812                    /lib/x86_64-linux-gnu/librt-2.23.so
7fdb902fc000-7fdb904fb000 ---p 00007000 08:05 4198812                    /lib/x86_64-linux-gnu/librt-2.23.so
7fdb904fb000-7fdb904fc000 r--p 00006000 08:05 4198812                    /lib/x86_64-linux-gnu/librt-2.23.so
7fdb904fc000-7fdb904fd000 rw-p 00007000 08:05 4198812                    /lib/x86_64-linux-gnu/librt-2.23.so
7fdb904fd000-7fdb90605000 r-xp 00000000 08:05 4198802                    /lib/x86_64-linux-gnu/libm-2.23.so
7fdb90605000-7fdb90804000 ---p 00108000 08:05 4198802                    /lib/x86_64-linux-gnu/libm-2.23.so
7fdb90804000-7fdb90805000 r--p 00107000 08:05 4198802                    /lib/x86_64-linux-gnu/libm-2.23.so
7fdb90805000-7fdb90806000 rw-p 00108000 08:05 4198802                    /lib/x86_64-linux-gnu/libm-2.23.so
7fdb90806000-7fdb914d4000 r-xp 00000000 08:05 6049832                    /usr/lib/jvm/java-8-oracle/jre/lib/amd64/server/libjvm.so
7fdb914d4000-7fdb916d4000 ---p 00cce000 08:05 6049832                    /usr/lib/jvm/java-8-oracle/jre/lib/amd64/server/libjvm.so
7fdb916d4000-7fdb917ad000 rw-p 00cce000 08:05 6049832                    /usr/lib/jvm/java-8-oracle/jre/lib/amd64/server/libjvm.so
7fdb917ad000-7fdb917f8000 rw-p 00000000 00:00 0 
7fdb917f8000-7fdb919b7000 r-xp 00000000 08:05 4198804                    /lib/x86_64-linux-gnu/libc-2.23.so
7fdb919b7000-7fdb91bb7000 ---p 001bf000 08:05 4198804                    /lib/x86_64-linux-gnu/libc-2.23.so
7fdb91bb7000-7fdb91bbb000 r--p 001bf000 08:05 4198804                    /lib/x86_64-linux-gnu/libc-2.23.so
7fdb91bbb000-7fdb91bbd000 rw-p 001c3000 08:05 4198804                    /lib/x86_64-linux-gnu/libc-2.23.so
7fdb91bbd000-7fdb91bc1000 rw-p 00000000 00:00 0 
7fdb91bc1000-7fdb91bc4000 r-xp 00000000 08:05 4198800                    /lib/x86_64-linux-gnu/libdl-2.23.so
7fdb91bc4000-7fdb91dc3000 ---p 00003000 08:05 4198800                    /lib/x86_64-linux-gnu/libdl-2.23.so
7fdb91dc3000-7fdb91dc4000 r--p 00002000 08:05 4198800                    /lib/x86_64-linux-gnu/libdl-2.23.so
7fdb91dc4000-7fdb91dc5000 rw-p 00003000 08:05 4198800                    /lib/x86_64-linux-gnu/libdl-2.23.so
7fdb91dc5000-7fdb91dda000 r-xp 00000000 08:05 6195857                    /usr/lib/jvm/java-8-oracle/lib/amd64/jli/libjli.so
7fdb91dda000-7fdb91fda000 ---p 00015000 08:05 6195857                    /usr/lib/jvm/java-8-oracle/lib/amd64/jli/libjli.so
7fdb91fda000-7fdb91fdb000 rw-p 00015000 08:05 6195857                    /usr/lib/jvm/java-8-oracle/lib/amd64/jli/libjli.so
7fdb91fdb000-7fdb91ff3000 r-xp 00000000 08:05 4198817                    /lib/x86_64-linux-gnu/libpthread-2.23.so
7fdb91ff3000-7fdb921f2000 ---p 00018000 08:05 4198817                    /lib/x86_64-linux-gnu/libpthread-2.23.so
7fdb921f2000-7fdb921f3000 r--p 00017000 08:05 4198817                    /lib/x86_64-linux-gnu/libpthread-2.23.so
7fdb921f3000-7fdb921f4000 rw-p 00018000 08:05 4198817                    /lib/x86_64-linux-gnu/libpthread-2.23.so
7fdb921f4000-7fdb921f8000 rw-p 00000000 00:00 0 
7fdb921f8000-7fdb9221e000 r-xp 00000000 08:05 4198805                    /lib/x86_64-linux-gnu/ld-2.23.so
7fdb9221e000-7fdb92220000 r--s 0000f000 08:05 6949956                    /home/angel/.m2/repository/com/netflix/netflix-commons/netflix-eventbus/0.3.0/netflix-eventbus-0.3.0.jar
7fdb92220000-7fdb92222000 r--s 00005000 08:05 7737973                    /home/angel/.m2/repository/stax/stax-api/1.0.1/stax-api-1.0.1.jar
7fdb92222000-7fdb92225000 r--s 00012000 08:05 6431037                    /home/angel/.m2/repository/org/codehaus/jettison/jettison/1.3.7/jettison-1.3.7.jar
7fdb92225000-7fdb9222e000 r--s 00045000 08:05 6565970                    /home/angel/.m2/repository/org/springframework/cloud/spring-cloud-netflix-core/1.2.0.RELEASE/spring-cloud-netflix-core-1.2.0.RELEASE.jar
7fdb9222e000-7fdb922f8000 rw-p 00000000 00:00 0 
7fdb922f8000-7fdb922fb000 ---p 00000000 00:00 0 
7fdb922fb000-7fdb923fd000 rw-p 00000000 00:00 0 
7fdb923fd000-7fdb923fe000 r--s 00000000 08:05 6949829                    /home/angel/.m2/repository/org/springframework/cloud/spring-cloud-starter-archaius/1.2.0.RELEASE/spring-cloud-starter-archaius-1.2.0.RELEASE.jar
7fdb923fe000-7fdb92401000 r--s 0000e000 08:05 400462                     /home/angel/.m2/repository/org/springframework/cloud/spring-cloud-netflix-eureka-client/1.2.0.RELEASE/spring-cloud-netflix-eureka-client-1.2.0.RELEASE.jar
7fdb92401000-7fdb92402000 r--s 00004000 08:05 6430826                    /home/angel/.m2/repository/org/springframework/security/spring-security-rsa/1.0.3.RELEASE/spring-security-rsa-1.0.3.RELEASE.jar
7fdb92402000-7fdb92405000 r--s 0000e000 08:05 5772578                    /home/angel/.m2/repository/org/springframework/cloud/spring-cloud-commons/1.1.3.RELEASE/spring-cloud-commons-1.1.3.RELEASE.jar
7fdb92405000-7fdb92407000 r--s 0000c000 08:05 6696092                    /home/angel/.m2/repository/org/springframework/security/spring-security-crypto/4.1.1.RELEASE/spring-security-crypto-4.1.1.RELEASE.jar
7fdb92407000-7fdb9240b000 r--s 00014000 08:05 6565960                    /home/angel/.m2/repository/org/springframework/cloud/spring-cloud-context/1.1.3.RELEASE/spring-cloud-context-1.1.3.RELEASE.jar
7fdb9240b000-7fdb9240c000 r--s 00000000 08:05 5772808                    /home/angel/.m2/repository/org/springframework/cloud/spring-cloud-starter/1.1.3.RELEASE/spring-cloud-starter-1.1.3.RELEASE.jar
7fdb9240c000-7fdb9240d000 r--s 00000000 08:05 6949897                    /home/angel/.m2/repository/org/springframework/cloud/spring-cloud-starter-eureka/1.2.0.RELEASE/spring-cloud-starter-eureka-1.2.0.RELEASE.jar
7fdb9240d000-7fdb92415000 rw-s 00000000 08:05 2624807                    /tmp/hsperfdata_angel/18139
7fdb92415000-7fdb92416000 rw-p 00000000 00:00 0 
7fdb92416000-7fdb92417000 ---p 00000000 00:00 0 
7fdb92417000-7fdb92419000 rw-p 00000000 00:00 0 
7fdb92419000-7fdb9241b000 r--p 00000000 00:00 0                          [vvar]
7fdb9241b000-7fdb9241d000 r-xp 00000000 00:00 0                          [vdso]
7fdb9241d000-7fdb9241e000 r--p 00025000 08:05 4198805                    /lib/x86_64-linux-gnu/ld-2.23.so
7fdb9241e000-7fdb9241f000 rw-p 00026000 08:05 4198805                    /lib/x86_64-linux-gnu/ld-2.23.so
7fdb9241f000-7fdb92420000 rw-p 00000000 00:00 0 
7ffc706c8000-7ffc706ed000 rw-p 00000000 00:00 0                          [stack]
ffffffffff600000-ffffffffff601000 r-xp 00000000 00:00 0                  [vsyscall]

VM Arguments:
jvm_args: -agentlib:jdwp=transport=dt_socket,suspend=y,address=localhost:42127 -Dcom.sun.management.jmxremote -Dcom.sun.management.jmxremote.port=35165 -Dcom.sun.management.jmxremote.authenticate=false -Dcom.sun.management.jmxremote.ssl=false -Dspring.liveBeansView.mbeanDomain -Dspring.application.admin.enabled=true -Djava.security.egd=file:/dev/./urandom -Dfile.encoding=UTF-8 
java_command: mx.com.anzen.genericbank.LoginApp --spring.output.ansi.enabled=always
java_class_path (initial): /home/angel/Documentos/Project/GitHub/banking_generic/microservice-generic-login/target/classes:/home/angel/.m2/repository/org/springframework/cloud/spring-cloud-starter-eureka/1.2.0.RELEASE/spring-cloud-starter-eureka-1.2.0.RELEASE.jar:/home/angel/.m2/repository/org/springframework/cloud/spring-cloud-starter/1.1.3.RELEASE/spring-cloud-starter-1.1.3.RELEASE.jar:/home/angel/.m2/repository/org/springframework/cloud/spring-cloud-context/1.1.3.RELEASE/spring-cloud-context-1.1.3.RELEASE.jar:/home/angel/.m2/repository/org/springframework/security/spring-security-crypto/4.1.1.RELEASE/spring-security-crypto-4.1.1.RELEASE.jar:/home/angel/.m2/repository/org/springframework/cloud/spring-cloud-commons/1.1.3.RELEASE/spring-cloud-commons-1.1.3.RELEASE.jar:/home/angel/.m2/repository/org/springframework/security/spring-security-rsa/1.0.3.RELEASE/spring-security-rsa-1.0.3.RELEASE.jar:/home/angel/.m2/repository/org/bouncycastle/bcpkix-jdk15on/1.55/bcpkix-jdk15on-1.55.jar:/home/angel/.m2/repository/org/bouncycastle/bcprov-jdk15on/1.55/bcprov-jdk15on-1.55.jar:/home/angel/.m2/repository/org/springframework/cloud/spring-cloud-netflix-core/1.2.0.RELEASE/spring-cloud-netflix-core-1.2.0.RELEASE.jar:/home/angel/.m2/repository/org/springframework/boot/spring-boot/1.4.0.RELEASE/spring-boot-1.4.0.RELEASE.jar:/home/angel/.m2/repository/org/springframework/boot/spring-boot-autoconfigure/1.4.0.RELEASE/spring-boot-autoconfigure-1.4.0.RELEASE.jar:/home/angel/.m2/repository/org/springframework/cloud/spring-cloud-netflix-eureka-client/1.2.0.RELEASE/spring-cloud-netflix-eureka-client-1.2.0.RELEASE.jar:/home/angel/.m2/repository/com/netflix/eureka/eureka-client/1.4.11/eureka-client-1.4.11.jar:/home/angel/.m2/repository/org/codehaus/jettison/jettison/1.3.7/jettison-1.3.7.jar:/home/angel/.m2/repository/stax/stax-api/1.0.1/stax-api-1.0.1.jar:/home/angel/.m2/repository/com/netflix/netflix-commons/netflix-eventbus/0.3.0/netflix-eventbus-0.3.0.jar:/home/angel/.m2/repository/com/ne
Launcher Type: SUN_STANDARD

Environment Variables:
JAVA_HOME=/usr/lib/jvm/java-8-oracle
PATH=/home/angel/bin:/home/angel/.local/bin:/usr/local/sbin:/usr/local/bin:/usr/sbin:/usr/bin:/sbin:/bin:/usr/games:/usr/local/games:/snap/bin:/usr/lib/jvm/java-8-oracle/bin:/usr/lib/jvm/java-8-oracle/db/bin:/usr/lib/jvm/java-8-oracle/jre/bin
SHELL=/bin/bash
DISPLAY=:0

Signal Handlers:
SIGSEGV: [libjvm.so+0xac78c0], sa_mask[0]=11111111011111111101111111111110, sa_flags=SA_RESTART|SA_SIGINFO
SIGBUS: [libjvm.so+0xac78c0], sa_mask[0]=11111111011111111101111111111110, sa_flags=SA_RESTART|SA_SIGINFO
SIGFPE: [libjvm.so+0x920ac0], sa_mask[0]=11111111011111111101111111111110, sa_flags=SA_RESTART|SA_SIGINFO
SIGPIPE: [libjvm.so+0x920ac0], sa_mask[0]=11111111011111111101111111111110, sa_flags=SA_RESTART|SA_SIGINFO
SIGXFSZ: [libjvm.so+0x920ac0], sa_mask[0]=11111111011111111101111111111110, sa_flags=SA_RESTART|SA_SIGINFO
SIGILL: [libjvm.so+0x920ac0], sa_mask[0]=11111111011111111101111111111110, sa_flags=SA_RESTART|SA_SIGINFO
SIGUSR1: SIG_DFL, sa_mask[0]=00000000000000000000000000000000, sa_flags=none
SIGUSR2: [libjvm.so+0x922300], sa_mask[0]=00100000000000000000000000000000, sa_flags=SA_RESTART|SA_SIGINFO
SIGHUP: [libjvm.so+0x923700], sa_mask[0]=11111111011111111101111111111110, sa_flags=SA_RESTART|SA_SIGINFO
SIGINT: [libjvm.so+0x923700], sa_mask[0]=11111111011111111101111111111110, sa_flags=SA_RESTART|SA_SIGINFO
SIGTERM: [libjvm.so+0x923700], sa_mask[0]=11111111011111111101111111111110, sa_flags=SA_RESTART|SA_SIGINFO
SIGQUIT: [libjvm.so+0x923700], sa_mask[0]=11111111011111111101111111111110, sa_flags=SA_RESTART|SA_SIGINFO


---------------  S Y S T E M  ---------------

OS:DISTRIB_ID=Ubuntu
DISTRIB_RELEASE=16.04
DISTRIB_CODENAME=xenial
DISTRIB_DESCRIPTION="Ubuntu 16.04.1 LTS"

uname:Linux 4.4.0-72-generic #93-Ubuntu SMP Fri Mar 31 14:07:41 UTC 2017 x86_64
libc:glibc 2.23 NPTL 2.23 
rlimit: STACK 8192k, CORE 0k, NPROC 30543, NOFILE 65536, AS infinity
load average:3.45 2.14 1.88

/proc/meminfo:
MemTotal:        7858132 kB
MemFree:          166192 kB
MemAvailable:      94108 kB
Buffers:            1724 kB
Cached:           493340 kB
SwapCached:            0 kB
Active:          7064844 kB
Inactive:         406720 kB
Active(anon):    7022232 kB
Inactive(anon):   366552 kB
Active(file):      42612 kB
Inactive(file):    40168 kB
Unevictable:          48 kB
Mlocked:              48 kB
SwapTotal:             0 kB
SwapFree:              0 kB
Dirty:               152 kB
Writeback:             0 kB
AnonPages:       6976968 kB
Mapped:           167696 kB
Shmem:            411864 kB
Slab:              91680 kB
SReclaimable:      42824 kB
SUnreclaim:        48856 kB
KernelStack:       17040 kB
PageTables:        60092 kB
NFS_Unstable:          0 kB
Bounce:                0 kB
WritebackTmp:          0 kB
CommitLimit:     3929064 kB
Committed_AS:   14529764 kB
VmallocTotal:   34359738367 kB
VmallocUsed:           0 kB
VmallocChunk:          0 kB
HardwareCorrupted:     0 kB
AnonHugePages:   3309568 kB
CmaTotal:              0 kB
CmaFree:               0 kB
HugePages_Total:       0
HugePages_Free:        0
HugePages_Rsvd:        0
HugePages_Surp:        0
Hugepagesize:       2048 kB
DirectMap4k:      181220 kB
DirectMap2M:     7886848 kB
DirectMap1G:     1048576 kB


CPU:total 4 (2 cores per cpu, 2 threads per core) family 6 model 60 stepping 3, cmov, cx8, fxsr, mmx, sse, sse2, sse3, ssse3, sse4.1, sse4.2, popcnt, avx, avx2, aes, clmul, erms, lzcnt, ht, tsc, tscinvbit, bmi1, bmi2

/proc/cpuinfo:
processor	: 0
vendor_id	: GenuineIntel
cpu family	: 6
model		: 60
model name	: Intel(R) Core(TM) i5-4300M CPU @ 2.60GHz
stepping	: 3
microcode	: 0x1e
cpu MHz		: 3200.031
cache size	: 3072 KB
physical id	: 0
siblings	: 4
core id		: 0
cpu cores	: 2
apicid		: 0
initial apicid	: 0
fpu		: yes
fpu_exception	: yes
cpuid level	: 13
wp		: yes
flags		: fpu vme de pse tsc msr pae mce cx8 apic sep mtrr pge mca cmov pat pse36 clflush dts acpi mmx fxsr sse sse2 ss ht tm pbe syscall nx pdpe1gb rdtscp lm constant_tsc arch_perfmon pebs bts rep_good nopl xtopology nonstop_tsc aperfmperf eagerfpu pni pclmulqdq dtes64 monitor ds_cpl vmx smx est tm2 ssse3 sdbg fma cx16 xtpr pdcm pcid sse4_1 sse4_2 x2apic movbe popcnt tsc_deadline_timer aes xsave avx f16c rdrand lahf_lm abm epb tpr_shadow vnmi flexpriority ept vpid fsgsbase tsc_adjust bmi1 avx2 smep bmi2 erms invpcid xsaveopt dtherm ida arat pln pts
bugs		:
bogomips	: 5188.27
clflush size	: 64
cache_alignment	: 64
address sizes	: 39 bits physical, 48 bits virtual
power management:

processor	: 1
vendor_id	: GenuineIntel
cpu family	: 6
model		: 60
model name	: Intel(R) Core(TM) i5-4300M CPU @ 2.60GHz
stepping	: 3
microcode	: 0x1e
cpu MHz		: 3202.164
cache size	: 3072 KB
physical id	: 0
siblings	: 4
core id		: 0
cpu cores	: 2
apicid		: 1
initial apicid	: 1
fpu		: yes
fpu_exception	: yes
cpuid level	: 13
wp		: yes
flags		: fpu vme de pse tsc msr pae mce cx8 apic sep mtrr pge mca cmov pat pse36 clflush dts acpi mmx fxsr sse sse2 ss ht tm pbe syscall nx pdpe1gb rdtscp lm constant_tsc arch_perfmon pebs bts rep_good nopl xtopology nonstop_tsc aperfmperf eagerfpu pni pclmulqdq dtes64 monitor ds_cpl vmx smx est tm2 ssse3 sdbg fma cx16 xtpr pdcm pcid sse4_1 sse4_2 x2apic movbe popcnt tsc_deadline_timer aes xsave avx f16c rdrand lahf_lm abm epb tpr_shadow vnmi flexpriority ept vpid fsgsbase tsc_adjust bmi1 avx2 smep bmi2 erms invpcid xsaveopt dtherm ida arat pln pts
bugs		:
bogomips	: 5188.27
clflush size	: 64
cache_alignment	: 64
address sizes	: 39 bits physical, 48 bits virtual
power management:

processor	: 2
vendor_id	: GenuineIntel
cpu family	: 6
model		: 60
model name	: Intel(R) Core(TM) i5-4300M CPU @ 2.60GHz
stepping	: 3
microcode	: 0x1e
cpu MHz		: 3272.851
cache size	: 3072 KB
physical id	: 0
siblings	: 4
core id		: 1
cpu cores	: 2
apicid		: 2
initial apicid	: 2
fpu		: yes
fpu_exception	: yes
cpuid level	: 13
wp		: yes
flags		: fpu vme de pse tsc msr pae mce cx8 apic sep mtrr pge mca cmov pat pse36 clflush dts acpi mmx fxsr sse sse2 ss ht tm pbe syscall nx pdpe1gb rdtscp lm constant_tsc arch_perfmon pebs bts rep_good nopl xtopology nonstop_tsc aperfmperf eagerfpu pni pclmulqdq dtes64 monitor ds_cpl vmx smx est tm2 ssse3 sdbg fma cx16 xtpr pdcm pcid sse4_1 sse4_2 x2apic movbe popcnt tsc_deadline_timer aes xsave avx f16c rdrand lahf_lm abm epb tpr_shadow vnmi flexpriority ept vpid fsgsbase tsc_adjust bmi1 avx2 smep bmi2 erms invpcid xsaveopt dtherm ida arat pln pts
bugs		:
bogomips	: 5188.27
clflush size	: 64
cache_alignment	: 64
address sizes	: 39 bits physical, 48 bits virtual
power management:

processor	: 3
vendor_id	: GenuineIntel
cpu family	: 6
model		: 60
model name	: Intel(R) Core(TM) i5-4300M CPU @ 2.60GHz
stepping	: 3
microcode	: 0x1e
cpu MHz		: 3212.421
cache size	: 3072 KB
physical id	: 0
siblings	: 4
core id		: 1
cpu cores	: 2
apicid		: 3
initial apicid	: 3
fpu		: yes
fpu_exception	: yes
cpuid level	: 13
wp		: yes
flags		: fpu vme de pse tsc msr pae mce cx8 apic sep mtrr pge mca cmov pat pse36 clflush dts acpi mmx fxsr sse sse2 ss ht tm pbe syscall nx pdpe1gb rdtscp lm constant_tsc arch_perfmon pebs bts rep_good nopl xtopology nonstop_tsc aperfmperf eagerfpu pni pclmulqdq dtes64 monitor ds_cpl vmx smx est tm2 ssse3 sdbg fma cx16 xtpr pdcm pcid sse4_1 sse4_2 x2apic movbe popcnt tsc_deadline_timer aes xsave avx f16c rdrand lahf_lm abm epb tpr_shadow vnmi flexpriority ept vpid fsgsbase tsc_adjust bmi1 avx2 smep bmi2 erms invpcid xsaveopt dtherm ida arat pln pts
bugs		:
bogomips	: 5188.27
clflush size	: 64
cache_alignment	: 64
address sizes	: 39 bits physical, 48 bits virtual
power management:



Memory: 4k page, physical 7858132k(165448k free), swap 0k(0k free)

vm_info: Java HotSpot(TM) 64-Bit Server VM (25.121-b13) for linux-amd64 JRE (1.8.0_121-b13), built on Dec 12 2016 16:36:53 by "java_re" with gcc 4.3.0 20080428 (Red Hat 4.3.0-8)

time: Mon Apr 17 17:12:14 2017
elapsed time: 44 seconds (0d 0h 0m 44s)

